{
  "C:\\Users\\cizuo\\Desktop\\OC\\Proj4\\Developpez-une-application-full-stack-complete-main\\front\\src\\polyfills.ts": {
    "path": "C:\\Users\\cizuo\\Desktop\\OC\\Proj4\\Developpez-une-application-full-stack-complete-main\\front\\src\\polyfills.ts",
    "statementMap": {},
    "fnMap": {},
    "branchMap": {},
    "s": {},
    "f": {},
    "b": {},
    "_coverageSchema": "1a1c01bbd47fc00a2c39e90264f33305004495a9",
    "hash": "0b6c9ac8373baa5c4de26a8479380f536d044e71"
  },
  "C:\\Users\\cizuo\\Desktop\\OC\\Proj4\\Developpez-une-application-full-stack-complete-main\\front\\src\\app\\core\\services\\session.service.ts": {
    "path": "C:\\Users\\cizuo\\Desktop\\OC\\Proj4\\Developpez-une-application-full-stack-complete-main\\front\\src\\app\\core\\services\\session.service.ts",
    "statementMap": {
      "0": {
        "start": {
          "line": 3,
          "column": 41
        },
        "end": {
          "line": 41,
          "column": 4
        }
      },
      "1": {
        "start": {
          "line": 6,
          "column": 15
        },
        "end": {
          "line": 6,
          "column": 20
        }
      },
      "2": {
        "start": {
          "line": 9,
          "column": 22
        },
        "end": {
          "line": 9,
          "column": 56
        }
      },
      "3": {
        "start": {
          "line": 12,
          "column": 6
        },
        "end": {
          "line": 12,
          "column": 49
        }
      },
      "4": {
        "start": {
          "line": 16,
          "column": 6
        },
        "end": {
          "line": 16,
          "column": 23
        }
      },
      "5": {
        "start": {
          "line": 17,
          "column": 6
        },
        "end": {
          "line": 17,
          "column": 27
        }
      },
      "6": {
        "start": {
          "line": 18,
          "column": 6
        },
        "end": {
          "line": 18,
          "column": 18
        }
      },
      "7": {
        "start": {
          "line": 22,
          "column": 6
        },
        "end": {
          "line": 22,
          "column": 39
        }
      },
      "8": {
        "start": {
          "line": 23,
          "column": 6
        },
        "end": {
          "line": 23,
          "column": 28
        }
      },
      "9": {
        "start": {
          "line": 24,
          "column": 6
        },
        "end": {
          "line": 24,
          "column": 28
        }
      },
      "10": {
        "start": {
          "line": 25,
          "column": 6
        },
        "end": {
          "line": 25,
          "column": 18
        }
      },
      "11": {
        "start": {
          "line": 29,
          "column": 6
        },
        "end": {
          "line": 29,
          "column": 47
        }
      },
      "12": {
        "start": {
          "line": 31,
          "column": 18
        },
        "end": {
          "line": 33,
          "column": 5
        }
      },
      "13": {
        "start": {
          "line": 32,
          "column": 6
        },
        "end": {
          "line": 32,
          "column": 57
        }
      },
      "14": {
        "start": {
          "line": 34,
          "column": 32
        },
        "end": {
          "line": 38,
          "column": 6
        }
      },
      "15": {
        "start": {
          "line": 40,
          "column": 2
        },
        "end": {
          "line": 40,
          "column": 24
        }
      }
    },
    "fnMap": {
      "0": {
        "name": "(anonymous_0)",
        "decl": {
          "start": {
            "line": 3,
            "column": 42
          },
          "end": {
            "line": 3,
            "column": 43
          }
        },
        "loc": {
          "start": {
            "line": 3,
            "column": 48
          },
          "end": {
            "line": 41,
            "column": 1
          }
        },
        "line": 3
      },
      "1": {
        "name": "(anonymous_1)",
        "decl": {
          "start": {
            "line": 11,
            "column": 4
          },
          "end": {
            "line": 11,
            "column": 5
          }
        },
        "loc": {
          "start": {
            "line": 11,
            "column": 16
          },
          "end": {
            "line": 13,
            "column": 5
          }
        },
        "line": 11
      },
      "2": {
        "name": "(anonymous_2)",
        "decl": {
          "start": {
            "line": 15,
            "column": 4
          },
          "end": {
            "line": 15,
            "column": 5
          }
        },
        "loc": {
          "start": {
            "line": 15,
            "column": 16
          },
          "end": {
            "line": 19,
            "column": 5
          }
        },
        "line": 15
      },
      "3": {
        "name": "(anonymous_3)",
        "decl": {
          "start": {
            "line": 21,
            "column": 4
          },
          "end": {
            "line": 21,
            "column": 5
          }
        },
        "loc": {
          "start": {
            "line": 21,
            "column": 13
          },
          "end": {
            "line": 26,
            "column": 5
          }
        },
        "line": 21
      },
      "4": {
        "name": "(anonymous_4)",
        "decl": {
          "start": {
            "line": 28,
            "column": 4
          },
          "end": {
            "line": 28,
            "column": 5
          }
        },
        "loc": {
          "start": {
            "line": 28,
            "column": 11
          },
          "end": {
            "line": 30,
            "column": 5
          }
        },
        "line": 28
      },
      "5": {
        "name": "SessionService_Factory",
        "decl": {
          "start": {
            "line": 31,
            "column": 27
          },
          "end": {
            "line": 31,
            "column": 49
          }
        },
        "loc": {
          "start": {
            "line": 31,
            "column": 69
          },
          "end": {
            "line": 33,
            "column": 5
          }
        },
        "line": 31
      }
    },
    "branchMap": {
      "0": {
        "loc": {
          "start": {
            "line": 32,
            "column": 18
          },
          "end": {
            "line": 32,
            "column": 53
          }
        },
        "type": "binary-expr",
        "locations": [
          {
            "start": {
              "line": 32,
              "column": 18
            },
            "end": {
              "line": 32,
              "column": 35
            }
          },
          {
            "start": {
              "line": 32,
              "column": 39
            },
            "end": {
              "line": 32,
              "column": 53
            }
          }
        ],
        "line": 32
      }
    },
    "s": {
      "0": 46,
      "1": 46,
      "2": 46,
      "3": 46,
      "4": 29,
      "5": 29,
      "6": 29,
      "7": 0,
      "8": 0,
      "9": 0,
      "10": 0,
      "11": 29,
      "12": 46,
      "13": 46,
      "14": 46,
      "15": 46
    },
    "f": {
      "0": 46,
      "1": 46,
      "2": 29,
      "3": 0,
      "4": 29,
      "5": 46
    },
    "b": {
      "0": [
        46,
        46
      ]
    },
    "_coverageSchema": "1a1c01bbd47fc00a2c39e90264f33305004495a9",
    "hash": "fca0c69ce97e1c50e6c4ebcbe7760a3c20e1047b"
  },
  "C:\\Users\\cizuo\\Desktop\\OC\\Proj4\\Developpez-une-application-full-stack-complete-main\\front\\src\\environments\\environment.prod.ts": {
    "path": "C:\\Users\\cizuo\\Desktop\\OC\\Proj4\\Developpez-une-application-full-stack-complete-main\\front\\src\\environments\\environment.prod.ts",
    "statementMap": {
      "0": {
        "start": {
          "line": 1,
          "column": 27
        },
        "end": {
          "line": 8,
          "column": 1
        }
      }
    },
    "fnMap": {},
    "branchMap": {},
    "s": {
      "0": 46
    },
    "f": {},
    "b": {},
    "_coverageSchema": "1a1c01bbd47fc00a2c39e90264f33305004495a9",
    "hash": "c40075dc446a74fdc48281f1568918a57ce7f6a3"
  },
  "C:\\Users\\cizuo\\Desktop\\OC\\Proj4\\Developpez-une-application-full-stack-complete-main\\front\\src\\app\\core\\services\\auth.service.ts": {
    "path": "C:\\Users\\cizuo\\Desktop\\OC\\Proj4\\Developpez-une-application-full-stack-complete-main\\front\\src\\app\\core\\services\\auth.service.ts",
    "statementMap": {
      "0": {
        "start": {
          "line": 5,
          "column": 38
        },
        "end": {
          "line": 27,
          "column": 4
        }
      },
      "1": {
        "start": {
          "line": 7,
          "column": 11
        },
        "end": {
          "line": 7,
          "column": 29
        }
      },
      "2": {
        "start": {
          "line": 9,
          "column": 6
        },
        "end": {
          "line": 9,
          "column": 81
        }
      },
      "3": {
        "start": {
          "line": 12,
          "column": 6
        },
        "end": {
          "line": 12,
          "column": 75
        }
      },
      "4": {
        "start": {
          "line": 15,
          "column": 6
        },
        "end": {
          "line": 15,
          "column": 57
        }
      },
      "5": {
        "start": {
          "line": 17,
          "column": 18
        },
        "end": {
          "line": 19,
          "column": 5
        }
      },
      "6": {
        "start": {
          "line": 18,
          "column": 6
        },
        "end": {
          "line": 18,
          "column": 54
        }
      },
      "7": {
        "start": {
          "line": 20,
          "column": 32
        },
        "end": {
          "line": 24,
          "column": 6
        }
      },
      "8": {
        "start": {
          "line": 26,
          "column": 2
        },
        "end": {
          "line": 26,
          "column": 21
        }
      }
    },
    "fnMap": {
      "0": {
        "name": "(anonymous_0)",
        "decl": {
          "start": {
            "line": 5,
            "column": 39
          },
          "end": {
            "line": 5,
            "column": 40
          }
        },
        "loc": {
          "start": {
            "line": 5,
            "column": 45
          },
          "end": {
            "line": 27,
            "column": 1
          }
        },
        "line": 5
      },
      "1": {
        "name": "(anonymous_1)",
        "decl": {
          "start": {
            "line": 8,
            "column": 4
          },
          "end": {
            "line": 8,
            "column": 5
          }
        },
        "loc": {
          "start": {
            "line": 8,
            "column": 30
          },
          "end": {
            "line": 10,
            "column": 5
          }
        },
        "line": 8
      },
      "2": {
        "name": "(anonymous_2)",
        "decl": {
          "start": {
            "line": 11,
            "column": 4
          },
          "end": {
            "line": 11,
            "column": 5
          }
        },
        "loc": {
          "start": {
            "line": 11,
            "column": 24
          },
          "end": {
            "line": 13,
            "column": 5
          }
        },
        "line": 11
      },
      "3": {
        "name": "(anonymous_3)",
        "decl": {
          "start": {
            "line": 14,
            "column": 4
          },
          "end": {
            "line": 14,
            "column": 5
          }
        },
        "loc": {
          "start": {
            "line": 14,
            "column": 9
          },
          "end": {
            "line": 16,
            "column": 5
          }
        },
        "line": 14
      },
      "4": {
        "name": "AuthService_Factory",
        "decl": {
          "start": {
            "line": 17,
            "column": 27
          },
          "end": {
            "line": 17,
            "column": 46
          }
        },
        "loc": {
          "start": {
            "line": 17,
            "column": 66
          },
          "end": {
            "line": 19,
            "column": 5
          }
        },
        "line": 17
      }
    },
    "branchMap": {
      "0": {
        "loc": {
          "start": {
            "line": 18,
            "column": 18
          },
          "end": {
            "line": 18,
            "column": 50
          }
        },
        "type": "binary-expr",
        "locations": [
          {
            "start": {
              "line": 18,
              "column": 18
            },
            "end": {
              "line": 18,
              "column": 35
            }
          },
          {
            "start": {
              "line": 18,
              "column": 39
            },
            "end": {
              "line": 18,
              "column": 50
            }
          }
        ],
        "line": 18
      }
    },
    "s": {
      "0": 46,
      "1": 46,
      "2": 17,
      "3": 18,
      "4": 30,
      "5": 46,
      "6": 46,
      "7": 46,
      "8": 46
    },
    "f": {
      "0": 46,
      "1": 17,
      "2": 18,
      "3": 30,
      "4": 46
    },
    "b": {
      "0": [
        46,
        46
      ]
    },
    "_coverageSchema": "1a1c01bbd47fc00a2c39e90264f33305004495a9",
    "hash": "7baf0b4078d82d6507e14593eeeda78265fe5336"
  },
  "C:\\Users\\cizuo\\Desktop\\OC\\Proj4\\Developpez-une-application-full-stack-complete-main\\front\\src\\app\\app.component.ts": {
    "path": "C:\\Users\\cizuo\\Desktop\\OC\\Proj4\\Developpez-une-application-full-stack-complete-main\\front\\src\\app\\app.component.ts",
    "statementMap": {
      "0": {
        "start": {
          "line": 8,
          "column": 2
        },
        "end": {
          "line": 27,
          "column": 3
        }
      },
      "1": {
        "start": {
          "line": 9,
          "column": 16
        },
        "end": {
          "line": 9,
          "column": 37
        }
      },
      "2": {
        "start": {
          "line": 10,
          "column": 4
        },
        "end": {
          "line": 10,
          "column": 33
        }
      },
      "3": {
        "start": {
          "line": 11,
          "column": 4
        },
        "end": {
          "line": 11,
          "column": 29
        }
      },
      "4": {
        "start": {
          "line": 12,
          "column": 4
        },
        "end": {
          "line": 12,
          "column": 22
        }
      },
      "5": {
        "start": {
          "line": 13,
          "column": 4
        },
        "end": {
          "line": 13,
          "column": 33
        }
      },
      "6": {
        "start": {
          "line": 14,
          "column": 4
        },
        "end": {
          "line": 14,
          "column": 32
        }
      },
      "7": {
        "start": {
          "line": 15,
          "column": 4
        },
        "end": {
          "line": 15,
          "column": 22
        }
      },
      "8": {
        "start": {
          "line": 16,
          "column": 4
        },
        "end": {
          "line": 16,
          "column": 33
        }
      },
      "9": {
        "start": {
          "line": 17,
          "column": 4
        },
        "end": {
          "line": 17,
          "column": 31
        }
      },
      "10": {
        "start": {
          "line": 18,
          "column": 4
        },
        "end": {
          "line": 18,
          "column": 22
        }
      },
      "11": {
        "start": {
          "line": 19,
          "column": 4
        },
        "end": {
          "line": 19,
          "column": 38
        }
      },
      "12": {
        "start": {
          "line": 20,
          "column": 4
        },
        "end": {
          "line": 24,
          "column": 7
        }
      },
      "13": {
        "start": {
          "line": 21,
          "column": 6
        },
        "end": {
          "line": 21,
          "column": 28
        }
      },
      "14": {
        "start": {
          "line": 22,
          "column": 21
        },
        "end": {
          "line": 22,
          "column": 39
        }
      },
      "15": {
        "start": {
          "line": 23,
          "column": 6
        },
        "end": {
          "line": 23,
          "column": 45
        }
      },
      "16": {
        "start": {
          "line": 25,
          "column": 4
        },
        "end": {
          "line": 25,
          "column": 37
        }
      },
      "17": {
        "start": {
          "line": 26,
          "column": 4
        },
        "end": {
          "line": 26,
          "column": 22
        }
      },
      "18": {
        "start": {
          "line": 30,
          "column": 2
        },
        "end": {
          "line": 37,
          "column": 3
        }
      },
      "19": {
        "start": {
          "line": 31,
          "column": 4
        },
        "end": {
          "line": 31,
          "column": 33
        }
      },
      "20": {
        "start": {
          "line": 32,
          "column": 4
        },
        "end": {
          "line": 32,
          "column": 33
        }
      },
      "21": {
        "start": {
          "line": 33,
          "column": 4
        },
        "end": {
          "line": 33,
          "column": 22
        }
      },
      "22": {
        "start": {
          "line": 34,
          "column": 4
        },
        "end": {
          "line": 34,
          "column": 33
        }
      },
      "23": {
        "start": {
          "line": 35,
          "column": 4
        },
        "end": {
          "line": 35,
          "column": 31
        }
      },
      "24": {
        "start": {
          "line": 36,
          "column": 4
        },
        "end": {
          "line": 36,
          "column": 22
        }
      },
      "25": {
        "start": {
          "line": 39,
          "column": 39
        },
        "end": {
          "line": 87,
          "column": 4
        }
      },
      "26": {
        "start": {
          "line": 41,
          "column": 21
        },
        "end": {
          "line": 41,
          "column": 43
        }
      },
      "27": {
        "start": {
          "line": 42,
          "column": 18
        },
        "end": {
          "line": 42,
          "column": 37
        }
      },
      "28": {
        "start": {
          "line": 43,
          "column": 16
        },
        "end": {
          "line": 43,
          "column": 47
        }
      },
      "29": {
        "start": {
          "line": 45,
          "column": 6
        },
        "end": {
          "line": 45,
          "column": 35
        }
      },
      "30": {
        "start": {
          "line": 48,
          "column": 20
        },
        "end": {
          "line": 48,
          "column": 49
        }
      },
      "31": {
        "start": {
          "line": 49,
          "column": 6
        },
        "end": {
          "line": 54,
          "column": 7
        }
      },
      "32": {
        "start": {
          "line": 50,
          "column": 8
        },
        "end": {
          "line": 53,
          "column": 11
        }
      },
      "33": {
        "start": {
          "line": 51,
          "column": 24
        },
        "end": {
          "line": 51,
          "column": 55
        }
      },
      "34": {
        "start": {
          "line": 52,
          "column": 23
        },
        "end": {
          "line": 52,
          "column": 51
        }
      },
      "35": {
        "start": {
          "line": 56,
          "column": 18
        },
        "end": {
          "line": 58,
          "column": 5
        }
      },
      "36": {
        "start": {
          "line": 57,
          "column": 6
        },
        "end": {
          "line": 57,
          "column": 55
        }
      },
      "37": {
        "start": {
          "line": 59,
          "column": 31
        },
        "end": {
          "line": 84,
          "column": 6
        }
      },
      "38": {
        "start": {
          "line": 67,
          "column": 8
        },
        "end": {
          "line": 76,
          "column": 9
        }
      },
      "39": {
        "start": {
          "line": 68,
          "column": 10
        },
        "end": {
          "line": 68,
          "column": 49
        }
      },
      "40": {
        "start": {
          "line": 69,
          "column": 10
        },
        "end": {
          "line": 69,
          "column": 34
        }
      },
      "41": {
        "start": {
          "line": 70,
          "column": 10
        },
        "end": {
          "line": 70,
          "column": 28
        }
      },
      "42": {
        "start": {
          "line": 71,
          "column": 10
        },
        "end": {
          "line": 71,
          "column": 79
        }
      },
      "43": {
        "start": {
          "line": 72,
          "column": 10
        },
        "end": {
          "line": 72,
          "column": 32
        }
      },
      "44": {
        "start": {
          "line": 73,
          "column": 10
        },
        "end": {
          "line": 73,
          "column": 85
        }
      },
      "45": {
        "start": {
          "line": 74,
          "column": 10
        },
        "end": {
          "line": 74,
          "column": 28
        }
      },
      "46": {
        "start": {
          "line": 75,
          "column": 10
        },
        "end": {
          "line": 75,
          "column": 43
        }
      },
      "47": {
        "start": {
          "line": 77,
          "column": 8
        },
        "end": {
          "line": 80,
          "column": 9
        }
      },
      "48": {
        "start": {
          "line": 78,
          "column": 10
        },
        "end": {
          "line": 78,
          "column": 26
        }
      },
      "49": {
        "start": {
          "line": 79,
          "column": 10
        },
        "end": {
          "line": 79,
          "column": 72
        }
      },
      "50": {
        "start": {
          "line": 86,
          "column": 2
        },
        "end": {
          "line": 86,
          "column": 22
        }
      }
    },
    "fnMap": {
      "0": {
        "name": "AppComponent_Conditional_3_Template",
        "decl": {
          "start": {
            "line": 7,
            "column": 9
          },
          "end": {
            "line": 7,
            "column": 44
          }
        },
        "loc": {
          "start": {
            "line": 7,
            "column": 54
          },
          "end": {
            "line": 28,
            "column": 1
          }
        },
        "line": 7
      },
      "1": {
        "name": "AppComponent_Conditional_3_Template_button_click_6_listener",
        "decl": {
          "start": {
            "line": 20,
            "column": 36
          },
          "end": {
            "line": 20,
            "column": 95
          }
        },
        "loc": {
          "start": {
            "line": 20,
            "column": 98
          },
          "end": {
            "line": 24,
            "column": 5
          }
        },
        "line": 20
      },
      "2": {
        "name": "AppComponent_Conditional_5_Template",
        "decl": {
          "start": {
            "line": 29,
            "column": 9
          },
          "end": {
            "line": 29,
            "column": 44
          }
        },
        "loc": {
          "start": {
            "line": 29,
            "column": 54
          },
          "end": {
            "line": 38,
            "column": 1
          }
        },
        "line": 29
      },
      "3": {
        "name": "(anonymous_3)",
        "decl": {
          "start": {
            "line": 39,
            "column": 40
          },
          "end": {
            "line": 39,
            "column": 41
          }
        },
        "loc": {
          "start": {
            "line": 39,
            "column": 46
          },
          "end": {
            "line": 87,
            "column": 1
          }
        },
        "line": 39
      },
      "4": {
        "name": "(anonymous_4)",
        "decl": {
          "start": {
            "line": 44,
            "column": 4
          },
          "end": {
            "line": 44,
            "column": 5
          }
        },
        "loc": {
          "start": {
            "line": 44,
            "column": 13
          },
          "end": {
            "line": 46,
            "column": 5
          }
        },
        "line": 44
      },
      "5": {
        "name": "(anonymous_5)",
        "decl": {
          "start": {
            "line": 47,
            "column": 4
          },
          "end": {
            "line": 47,
            "column": 5
          }
        },
        "loc": {
          "start": {
            "line": 47,
            "column": 15
          },
          "end": {
            "line": 55,
            "column": 5
          }
        },
        "line": 47
      },
      "6": {
        "name": "(anonymous_6)",
        "decl": {
          "start": {
            "line": 51,
            "column": 16
          },
          "end": {
            "line": 51,
            "column": 17
          }
        },
        "loc": {
          "start": {
            "line": 51,
            "column": 24
          },
          "end": {
            "line": 51,
            "column": 55
          }
        },
        "line": 51
      },
      "7": {
        "name": "(anonymous_7)",
        "decl": {
          "start": {
            "line": 52,
            "column": 17
          },
          "end": {
            "line": 52,
            "column": 18
          }
        },
        "loc": {
          "start": {
            "line": 52,
            "column": 23
          },
          "end": {
            "line": 52,
            "column": 51
          }
        },
        "line": 52
      },
      "8": {
        "name": "AppComponent_Factory",
        "decl": {
          "start": {
            "line": 56,
            "column": 27
          },
          "end": {
            "line": 56,
            "column": 47
          }
        },
        "loc": {
          "start": {
            "line": 56,
            "column": 67
          },
          "end": {
            "line": 58,
            "column": 5
          }
        },
        "line": 56
      },
      "9": {
        "name": "AppComponent_Template",
        "decl": {
          "start": {
            "line": 66,
            "column": 25
          },
          "end": {
            "line": 66,
            "column": 46
          }
        },
        "loc": {
          "start": {
            "line": 66,
            "column": 56
          },
          "end": {
            "line": 81,
            "column": 7
          }
        },
        "line": 66
      }
    },
    "branchMap": {
      "0": {
        "loc": {
          "start": {
            "line": 8,
            "column": 2
          },
          "end": {
            "line": 27,
            "column": 3
          }
        },
        "type": "if",
        "locations": [
          {
            "start": {
              "line": 8,
              "column": 2
            },
            "end": {
              "line": 27,
              "column": 3
            }
          },
          {
            "start": {
              "line": 8,
              "column": 2
            },
            "end": {
              "line": 27,
              "column": 3
            }
          }
        ],
        "line": 8
      },
      "1": {
        "loc": {
          "start": {
            "line": 30,
            "column": 2
          },
          "end": {
            "line": 37,
            "column": 3
          }
        },
        "type": "if",
        "locations": [
          {
            "start": {
              "line": 30,
              "column": 2
            },
            "end": {
              "line": 37,
              "column": 3
            }
          },
          {
            "start": {
              "line": 30,
              "column": 2
            },
            "end": {
              "line": 37,
              "column": 3
            }
          }
        ],
        "line": 30
      },
      "2": {
        "loc": {
          "start": {
            "line": 49,
            "column": 6
          },
          "end": {
            "line": 54,
            "column": 7
          }
        },
        "type": "if",
        "locations": [
          {
            "start": {
              "line": 49,
              "column": 6
            },
            "end": {
              "line": 54,
              "column": 7
            }
          },
          {
            "start": {
              "line": 49,
              "column": 6
            },
            "end": {
              "line": 54,
              "column": 7
            }
          }
        ],
        "line": 49
      },
      "3": {
        "loc": {
          "start": {
            "line": 57,
            "column": 18
          },
          "end": {
            "line": 57,
            "column": 51
          }
        },
        "type": "binary-expr",
        "locations": [
          {
            "start": {
              "line": 57,
              "column": 18
            },
            "end": {
              "line": 57,
              "column": 35
            }
          },
          {
            "start": {
              "line": 57,
              "column": 39
            },
            "end": {
              "line": 57,
              "column": 51
            }
          }
        ],
        "line": 57
      },
      "4": {
        "loc": {
          "start": {
            "line": 67,
            "column": 8
          },
          "end": {
            "line": 76,
            "column": 9
          }
        },
        "type": "if",
        "locations": [
          {
            "start": {
              "line": 67,
              "column": 8
            },
            "end": {
              "line": 76,
              "column": 9
            }
          },
          {
            "start": {
              "line": 67,
              "column": 8
            },
            "end": {
              "line": 76,
              "column": 9
            }
          }
        ],
        "line": 67
      },
      "5": {
        "loc": {
          "start": {
            "line": 77,
            "column": 8
          },
          "end": {
            "line": 80,
            "column": 9
          }
        },
        "type": "if",
        "locations": [
          {
            "start": {
              "line": 77,
              "column": 8
            },
            "end": {
              "line": 80,
              "column": 9
            }
          },
          {
            "start": {
              "line": 77,
              "column": 8
            },
            "end": {
              "line": 80,
              "column": 9
            }
          }
        ],
        "line": 77
      },
      "6": {
        "loc": {
          "start": {
            "line": 79,
            "column": 27
          },
          "end": {
            "line": 79,
            "column": 70
          }
        },
        "type": "cond-expr",
        "locations": [
          {
            "start": {
              "line": 79,
              "column": 65
            },
            "end": {
              "line": 79,
              "column": 66
            }
          },
          {
            "start": {
              "line": 79,
              "column": 69
            },
            "end": {
              "line": 79,
              "column": 70
            }
          }
        ],
        "line": 79
      }
    },
    "s": {
      "0": 1080,
      "1": 28,
      "2": 28,
      "3": 28,
      "4": 28,
      "5": 28,
      "6": 28,
      "7": 28,
      "8": 28,
      "9": 28,
      "10": 28,
      "11": 28,
      "12": 28,
      "13": 0,
      "14": 0,
      "15": 0,
      "16": 28,
      "17": 28,
      "18": 1557,
      "19": 46,
      "20": 46,
      "21": 46,
      "22": 46,
      "23": 46,
      "24": 46,
      "25": 46,
      "26": 46,
      "27": 46,
      "28": 46,
      "29": 0,
      "30": 46,
      "31": 46,
      "32": 12,
      "33": 11,
      "34": 0,
      "35": 46,
      "36": 46,
      "37": 46,
      "38": 2609,
      "39": 46,
      "40": 46,
      "41": 46,
      "42": 46,
      "43": 46,
      "44": 46,
      "45": 46,
      "46": 46,
      "47": 2609,
      "48": 2563,
      "49": 2563,
      "50": 46
    },
    "f": {
      "0": 1080,
      "1": 0,
      "2": 1557,
      "3": 46,
      "4": 0,
      "5": 46,
      "6": 11,
      "7": 0,
      "8": 46,
      "9": 2609
    },
    "b": {
      "0": [
        28,
        1052
      ],
      "1": [
        46,
        1511
      ],
      "2": [
        12,
        34
      ],
      "3": [
        46,
        46
      ],
      "4": [
        46,
        2563
      ],
      "5": [
        2563,
        46
      ],
      "6": [
        1052,
        1511
      ]
    },
    "_coverageSchema": "1a1c01bbd47fc00a2c39e90264f33305004495a9",
    "hash": "d0e0c1e028ccdeda8e4d1f6b1a20519858e13f97"
  },
  "C:\\Users\\cizuo\\Desktop\\OC\\Proj4\\Developpez-une-application-full-stack-complete-main\\front\\src\\app\\interceptors\\jwt-interceptor.ts": {
    "path": "C:\\Users\\cizuo\\Desktop\\OC\\Proj4\\Developpez-une-application-full-stack-complete-main\\front\\src\\app\\interceptors\\jwt-interceptor.ts",
    "statementMap": {
      "0": {
        "start": {
          "line": 1,
          "column": 30
        },
        "end": {
          "line": 15,
          "column": 1
        }
      },
      "1": {
        "start": {
          "line": 3,
          "column": 16
        },
        "end": {
          "line": 3,
          "column": 45
        }
      },
      "2": {
        "start": {
          "line": 5,
          "column": 2
        },
        "end": {
          "line": 12,
          "column": 3
        }
      },
      "3": {
        "start": {
          "line": 6,
          "column": 19
        },
        "end": {
          "line": 10,
          "column": 6
        }
      },
      "4": {
        "start": {
          "line": 11,
          "column": 4
        },
        "end": {
          "line": 11,
          "column": 24
        }
      },
      "5": {
        "start": {
          "line": 14,
          "column": 2
        },
        "end": {
          "line": 14,
          "column": 19
        }
      }
    },
    "fnMap": {
      "0": {
        "name": "(anonymous_0)",
        "decl": {
          "start": {
            "line": 1,
            "column": 30
          },
          "end": {
            "line": 1,
            "column": 31
          }
        },
        "loc": {
          "start": {
            "line": 1,
            "column": 45
          },
          "end": {
            "line": 15,
            "column": 1
          }
        },
        "line": 1
      }
    },
    "branchMap": {
      "0": {
        "loc": {
          "start": {
            "line": 5,
            "column": 2
          },
          "end": {
            "line": 12,
            "column": 3
          }
        },
        "type": "if",
        "locations": [
          {
            "start": {
              "line": 5,
              "column": 2
            },
            "end": {
              "line": 12,
              "column": 3
            }
          },
          {
            "start": {
              "line": 5,
              "column": 2
            },
            "end": {
              "line": 12,
              "column": 3
            }
          }
        ],
        "line": 5
      }
    },
    "s": {
      "0": 46,
      "1": 147,
      "2": 147,
      "3": 113,
      "4": 113,
      "5": 34
    },
    "f": {
      "0": 147
    },
    "b": {
      "0": [
        113,
        34
      ]
    },
    "_coverageSchema": "1a1c01bbd47fc00a2c39e90264f33305004495a9",
    "hash": "7fd3826d0066882a025b0f99d1697c5862fd8140"
  },
  "C:\\Users\\cizuo\\Desktop\\OC\\Proj4\\Developpez-une-application-full-stack-complete-main\\front\\src\\app\\features\\auth\\components\\register-component\\register-component.ts": {
    "path": "C:\\Users\\cizuo\\Desktop\\OC\\Proj4\\Developpez-une-application-full-stack-complete-main\\front\\src\\app\\features\\auth\\components\\register-component\\register-component.ts",
    "statementMap": {
      "0": {
        "start": {
          "line": 9,
          "column": 2
        },
        "end": {
          "line": 13,
          "column": 3
        }
      },
      "1": {
        "start": {
          "line": 10,
          "column": 4
        },
        "end": {
          "line": 10,
          "column": 33
        }
      },
      "2": {
        "start": {
          "line": 11,
          "column": 4
        },
        "end": {
          "line": 11,
          "column": 44
        }
      },
      "3": {
        "start": {
          "line": 12,
          "column": 4
        },
        "end": {
          "line": 12,
          "column": 22
        }
      },
      "4": {
        "start": {
          "line": 15,
          "column": 44
        },
        "end": {
          "line": 73,
          "column": 4
        }
      },
      "5": {
        "start": {
          "line": 17,
          "column": 9
        },
        "end": {
          "line": 17,
          "column": 28
        }
      },
      "6": {
        "start": {
          "line": 18,
          "column": 18
        },
        "end": {
          "line": 18,
          "column": 37
        }
      },
      "7": {
        "start": {
          "line": 19,
          "column": 21
        },
        "end": {
          "line": 19,
          "column": 43
        }
      },
      "8": {
        "start": {
          "line": 20,
          "column": 13
        },
        "end": {
          "line": 20,
          "column": 27
        }
      },
      "9": {
        "start": {
          "line": 21,
          "column": 12
        },
        "end": {
          "line": 21,
          "column": 17
        }
      },
      "10": {
        "start": {
          "line": 23,
          "column": 11
        },
        "end": {
          "line": 27,
          "column": 6
        }
      },
      "11": {
        "start": {
          "line": 29,
          "column": 6
        },
        "end": {
          "line": 32,
          "column": 9
        }
      },
      "12": {
        "start": {
          "line": 30,
          "column": 20
        },
        "end": {
          "line": 30,
          "column": 52
        }
      },
      "13": {
        "start": {
          "line": 31,
          "column": 20
        },
        "end": {
          "line": 31,
          "column": 37
        }
      },
      "14": {
        "start": {
          "line": 34,
          "column": 18
        },
        "end": {
          "line": 36,
          "column": 5
        }
      },
      "15": {
        "start": {
          "line": 35,
          "column": 6
        },
        "end": {
          "line": 35,
          "column": 60
        }
      },
      "16": {
        "start": {
          "line": 37,
          "column": 31
        },
        "end": {
          "line": 70,
          "column": 6
        }
      },
      "17": {
        "start": {
          "line": 44,
          "column": 8
        },
        "end": {
          "line": 58,
          "column": 9
        }
      },
      "18": {
        "start": {
          "line": 45,
          "column": 10
        },
        "end": {
          "line": 45,
          "column": 50
        }
      },
      "19": {
        "start": {
          "line": 46,
          "column": 10
        },
        "end": {
          "line": 46,
          "column": 38
        }
      },
      "20": {
        "start": {
          "line": 47,
          "column": 10
        },
        "end": {
          "line": 47,
          "column": 28
        }
      },
      "21": {
        "start": {
          "line": 48,
          "column": 10
        },
        "end": {
          "line": 48,
          "column": 42
        }
      },
      "22": {
        "start": {
          "line": 49,
          "column": 10
        },
        "end": {
          "line": 51,
          "column": 13
        }
      },
      "23": {
        "start": {
          "line": 50,
          "column": 12
        },
        "end": {
          "line": 50,
          "column": 32
        }
      },
      "24": {
        "start": {
          "line": 52,
          "column": 10
        },
        "end": {
          "line": 52,
          "column": 68
        }
      },
      "25": {
        "start": {
          "line": 53,
          "column": 10
        },
        "end": {
          "line": 53,
          "column": 44
        }
      },
      "26": {
        "start": {
          "line": 54,
          "column": 10
        },
        "end": {
          "line": 54,
          "column": 38
        }
      },
      "27": {
        "start": {
          "line": 55,
          "column": 10
        },
        "end": {
          "line": 55,
          "column": 28
        }
      },
      "28": {
        "start": {
          "line": 56,
          "column": 10
        },
        "end": {
          "line": 56,
          "column": 92
        }
      },
      "29": {
        "start": {
          "line": 57,
          "column": 10
        },
        "end": {
          "line": 57,
          "column": 30
        }
      },
      "30": {
        "start": {
          "line": 59,
          "column": 8
        },
        "end": {
          "line": 66,
          "column": 9
        }
      },
      "31": {
        "start": {
          "line": 60,
          "column": 10
        },
        "end": {
          "line": 60,
          "column": 26
        }
      },
      "32": {
        "start": {
          "line": 61,
          "column": 10
        },
        "end": {
          "line": 61,
          "column": 47
        }
      },
      "33": {
        "start": {
          "line": 62,
          "column": 10
        },
        "end": {
          "line": 62,
          "column": 26
        }
      },
      "34": {
        "start": {
          "line": 63,
          "column": 10
        },
        "end": {
          "line": 63,
          "column": 54
        }
      },
      "35": {
        "start": {
          "line": 64,
          "column": 10
        },
        "end": {
          "line": 64,
          "column": 26
        }
      },
      "36": {
        "start": {
          "line": 65,
          "column": 10
        },
        "end": {
          "line": 65,
          "column": 47
        }
      },
      "37": {
        "start": {
          "line": 72,
          "column": 2
        },
        "end": {
          "line": 72,
          "column": 27
        }
      }
    },
    "fnMap": {
      "0": {
        "name": "RegisterComponent_Conditional_9_Template",
        "decl": {
          "start": {
            "line": 8,
            "column": 9
          },
          "end": {
            "line": 8,
            "column": 49
          }
        },
        "loc": {
          "start": {
            "line": 8,
            "column": 59
          },
          "end": {
            "line": 14,
            "column": 1
          }
        },
        "line": 8
      },
      "1": {
        "name": "(anonymous_1)",
        "decl": {
          "start": {
            "line": 15,
            "column": 45
          },
          "end": {
            "line": 15,
            "column": 46
          }
        },
        "loc": {
          "start": {
            "line": 15,
            "column": 51
          },
          "end": {
            "line": 73,
            "column": 1
          }
        },
        "line": 15
      },
      "2": {
        "name": "(anonymous_2)",
        "decl": {
          "start": {
            "line": 28,
            "column": 4
          },
          "end": {
            "line": 28,
            "column": 5
          }
        },
        "loc": {
          "start": {
            "line": 28,
            "column": 13
          },
          "end": {
            "line": 33,
            "column": 5
          }
        },
        "line": 28
      },
      "3": {
        "name": "(anonymous_3)",
        "decl": {
          "start": {
            "line": 30,
            "column": 14
          },
          "end": {
            "line": 30,
            "column": 15
          }
        },
        "loc": {
          "start": {
            "line": 30,
            "column": 20
          },
          "end": {
            "line": 30,
            "column": 52
          }
        },
        "line": 30
      },
      "4": {
        "name": "(anonymous_4)",
        "decl": {
          "start": {
            "line": 31,
            "column": 15
          },
          "end": {
            "line": 31,
            "column": 16
          }
        },
        "loc": {
          "start": {
            "line": 31,
            "column": 20
          },
          "end": {
            "line": 31,
            "column": 37
          }
        },
        "line": 31
      },
      "5": {
        "name": "RegisterComponent_Factory",
        "decl": {
          "start": {
            "line": 34,
            "column": 27
          },
          "end": {
            "line": 34,
            "column": 52
          }
        },
        "loc": {
          "start": {
            "line": 34,
            "column": 72
          },
          "end": {
            "line": 36,
            "column": 5
          }
        },
        "line": 34
      },
      "6": {
        "name": "RegisterComponent_Template",
        "decl": {
          "start": {
            "line": 43,
            "column": 25
          },
          "end": {
            "line": 43,
            "column": 51
          }
        },
        "loc": {
          "start": {
            "line": 43,
            "column": 61
          },
          "end": {
            "line": 67,
            "column": 7
          }
        },
        "line": 43
      },
      "7": {
        "name": "RegisterComponent_Template_form_ngSubmit_3_listener",
        "decl": {
          "start": {
            "line": 49,
            "column": 45
          },
          "end": {
            "line": 49,
            "column": 96
          }
        },
        "loc": {
          "start": {
            "line": 49,
            "column": 99
          },
          "end": {
            "line": 51,
            "column": 11
          }
        },
        "line": 49
      }
    },
    "branchMap": {
      "0": {
        "loc": {
          "start": {
            "line": 9,
            "column": 2
          },
          "end": {
            "line": 13,
            "column": 3
          }
        },
        "type": "if",
        "locations": [
          {
            "start": {
              "line": 9,
              "column": 2
            },
            "end": {
              "line": 13,
              "column": 3
            }
          },
          {
            "start": {
              "line": 9,
              "column": 2
            },
            "end": {
              "line": 13,
              "column": 3
            }
          }
        ],
        "line": 9
      },
      "1": {
        "loc": {
          "start": {
            "line": 35,
            "column": 18
          },
          "end": {
            "line": 35,
            "column": 56
          }
        },
        "type": "binary-expr",
        "locations": [
          {
            "start": {
              "line": 35,
              "column": 18
            },
            "end": {
              "line": 35,
              "column": 35
            }
          },
          {
            "start": {
              "line": 35,
              "column": 39
            },
            "end": {
              "line": 35,
              "column": 56
            }
          }
        ],
        "line": 35
      },
      "2": {
        "loc": {
          "start": {
            "line": 44,
            "column": 8
          },
          "end": {
            "line": 58,
            "column": 9
          }
        },
        "type": "if",
        "locations": [
          {
            "start": {
              "line": 44,
              "column": 8
            },
            "end": {
              "line": 58,
              "column": 9
            }
          },
          {
            "start": {
              "line": 44,
              "column": 8
            },
            "end": {
              "line": 58,
              "column": 9
            }
          }
        ],
        "line": 44
      },
      "3": {
        "loc": {
          "start": {
            "line": 59,
            "column": 8
          },
          "end": {
            "line": 66,
            "column": 9
          }
        },
        "type": "if",
        "locations": [
          {
            "start": {
              "line": 59,
              "column": 8
            },
            "end": {
              "line": 66,
              "column": 9
            }
          },
          {
            "start": {
              "line": 59,
              "column": 8
            },
            "end": {
              "line": 66,
              "column": 9
            }
          }
        ],
        "line": 59
      },
      "4": {
        "loc": {
          "start": {
            "line": 65,
            "column": 27
          },
          "end": {
            "line": 65,
            "column": 45
          }
        },
        "type": "cond-expr",
        "locations": [
          {
            "start": {
              "line": 65,
              "column": 39
            },
            "end": {
              "line": 65,
              "column": 40
            }
          },
          {
            "start": {
              "line": 65,
              "column": 43
            },
            "end": {
              "line": 65,
              "column": 45
            }
          }
        ],
        "line": 65
      }
    },
    "s": {
      "0": 0,
      "1": 0,
      "2": 0,
      "3": 0,
      "4": 46,
      "5": 17,
      "6": 17,
      "7": 17,
      "8": 17,
      "9": 17,
      "10": 17,
      "11": 17,
      "12": 17,
      "13": 0,
      "14": 46,
      "15": 17,
      "16": 46,
      "17": 808,
      "18": 17,
      "19": 17,
      "20": 17,
      "21": 17,
      "22": 17,
      "23": 17,
      "24": 17,
      "25": 17,
      "26": 17,
      "27": 17,
      "28": 17,
      "29": 17,
      "30": 808,
      "31": 791,
      "32": 791,
      "33": 791,
      "34": 791,
      "35": 791,
      "36": 791,
      "37": 46
    },
    "f": {
      "0": 0,
      "1": 46,
      "2": 17,
      "3": 17,
      "4": 0,
      "5": 17,
      "6": 808,
      "7": 17
    },
    "b": {
      "0": [
        0,
        0
      ],
      "1": [
        17,
        17
      ],
      "2": [
        17,
        791
      ],
      "3": [
        791,
        17
      ],
      "4": [
        0,
        791
      ]
    },
    "_coverageSchema": "1a1c01bbd47fc00a2c39e90264f33305004495a9",
    "hash": "8f7c064c67010eef90d2348127dae519db21e98d"
  },
  "C:\\Users\\cizuo\\Desktop\\OC\\Proj4\\Developpez-une-application-full-stack-complete-main\\front\\src\\app\\features\\auth\\components\\login-component\\login-component.ts": {
    "path": "C:\\Users\\cizuo\\Desktop\\OC\\Proj4\\Developpez-une-application-full-stack-complete-main\\front\\src\\app\\features\\auth\\components\\login-component\\login-component.ts",
    "statementMap": {
      "0": {
        "start": {
          "line": 9,
          "column": 2
        },
        "end": {
          "line": 13,
          "column": 3
        }
      },
      "1": {
        "start": {
          "line": 10,
          "column": 4
        },
        "end": {
          "line": 10,
          "column": 33
        }
      },
      "2": {
        "start": {
          "line": 11,
          "column": 4
        },
        "end": {
          "line": 11,
          "column": 44
        }
      },
      "3": {
        "start": {
          "line": 12,
          "column": 4
        },
        "end": {
          "line": 12,
          "column": 22
        }
      },
      "4": {
        "start": {
          "line": 15,
          "column": 41
        },
        "end": {
          "line": 81,
          "column": 4
        }
      },
      "5": {
        "start": {
          "line": 17,
          "column": 9
        },
        "end": {
          "line": 17,
          "column": 28
        }
      },
      "6": {
        "start": {
          "line": 18,
          "column": 18
        },
        "end": {
          "line": 18,
          "column": 37
        }
      },
      "7": {
        "start": {
          "line": 19,
          "column": 21
        },
        "end": {
          "line": 19,
          "column": 43
        }
      },
      "8": {
        "start": {
          "line": 20,
          "column": 13
        },
        "end": {
          "line": 20,
          "column": 27
        }
      },
      "9": {
        "start": {
          "line": 21,
          "column": 12
        },
        "end": {
          "line": 21,
          "column": 17
        }
      },
      "10": {
        "start": {
          "line": 23,
          "column": 11
        },
        "end": {
          "line": 26,
          "column": 6
        }
      },
      "11": {
        "start": {
          "line": 28,
          "column": 27
        },
        "end": {
          "line": 28,
          "column": 42
        }
      },
      "12": {
        "start": {
          "line": 29,
          "column": 6
        },
        "end": {
          "line": 40,
          "column": 9
        }
      },
      "13": {
        "start": {
          "line": 32,
          "column": 10
        },
        "end": {
          "line": 32,
          "column": 56
        }
      },
      "14": {
        "start": {
          "line": 34,
          "column": 10
        },
        "end": {
          "line": 37,
          "column": 13
        }
      },
      "15": {
        "start": {
          "line": 35,
          "column": 12
        },
        "end": {
          "line": 35,
          "column": 44
        }
      },
      "16": {
        "start": {
          "line": 36,
          "column": 12
        },
        "end": {
          "line": 36,
          "column": 48
        }
      },
      "17": {
        "start": {
          "line": 39,
          "column": 20
        },
        "end": {
          "line": 39,
          "column": 37
        }
      },
      "18": {
        "start": {
          "line": 42,
          "column": 18
        },
        "end": {
          "line": 44,
          "column": 5
        }
      },
      "19": {
        "start": {
          "line": 43,
          "column": 6
        },
        "end": {
          "line": 43,
          "column": 57
        }
      },
      "20": {
        "start": {
          "line": 45,
          "column": 31
        },
        "end": {
          "line": 78,
          "column": 6
        }
      },
      "21": {
        "start": {
          "line": 52,
          "column": 8
        },
        "end": {
          "line": 66,
          "column": 9
        }
      },
      "22": {
        "start": {
          "line": 53,
          "column": 10
        },
        "end": {
          "line": 53,
          "column": 50
        }
      },
      "23": {
        "start": {
          "line": 54,
          "column": 10
        },
        "end": {
          "line": 54,
          "column": 36
        }
      },
      "24": {
        "start": {
          "line": 55,
          "column": 10
        },
        "end": {
          "line": 55,
          "column": 28
        }
      },
      "25": {
        "start": {
          "line": 56,
          "column": 10
        },
        "end": {
          "line": 56,
          "column": 42
        }
      },
      "26": {
        "start": {
          "line": 57,
          "column": 10
        },
        "end": {
          "line": 59,
          "column": 13
        }
      },
      "27": {
        "start": {
          "line": 58,
          "column": 12
        },
        "end": {
          "line": 58,
          "column": 32
        }
      },
      "28": {
        "start": {
          "line": 60,
          "column": 10
        },
        "end": {
          "line": 60,
          "column": 53
        }
      },
      "29": {
        "start": {
          "line": 61,
          "column": 10
        },
        "end": {
          "line": 61,
          "column": 44
        }
      },
      "30": {
        "start": {
          "line": 62,
          "column": 10
        },
        "end": {
          "line": 62,
          "column": 39
        }
      },
      "31": {
        "start": {
          "line": 63,
          "column": 10
        },
        "end": {
          "line": 63,
          "column": 28
        }
      },
      "32": {
        "start": {
          "line": 64,
          "column": 10
        },
        "end": {
          "line": 64,
          "column": 89
        }
      },
      "33": {
        "start": {
          "line": 65,
          "column": 10
        },
        "end": {
          "line": 65,
          "column": 30
        }
      },
      "34": {
        "start": {
          "line": 67,
          "column": 8
        },
        "end": {
          "line": 74,
          "column": 9
        }
      },
      "35": {
        "start": {
          "line": 68,
          "column": 10
        },
        "end": {
          "line": 68,
          "column": 26
        }
      },
      "36": {
        "start": {
          "line": 69,
          "column": 10
        },
        "end": {
          "line": 69,
          "column": 47
        }
      },
      "37": {
        "start": {
          "line": 70,
          "column": 10
        },
        "end": {
          "line": 70,
          "column": 26
        }
      },
      "38": {
        "start": {
          "line": 71,
          "column": 10
        },
        "end": {
          "line": 71,
          "column": 54
        }
      },
      "39": {
        "start": {
          "line": 72,
          "column": 10
        },
        "end": {
          "line": 72,
          "column": 26
        }
      },
      "40": {
        "start": {
          "line": 73,
          "column": 10
        },
        "end": {
          "line": 73,
          "column": 47
        }
      },
      "41": {
        "start": {
          "line": 80,
          "column": 2
        },
        "end": {
          "line": 80,
          "column": 24
        }
      }
    },
    "fnMap": {
      "0": {
        "name": "LoginComponent_Conditional_8_Template",
        "decl": {
          "start": {
            "line": 8,
            "column": 9
          },
          "end": {
            "line": 8,
            "column": 46
          }
        },
        "loc": {
          "start": {
            "line": 8,
            "column": 56
          },
          "end": {
            "line": 14,
            "column": 1
          }
        },
        "line": 8
      },
      "1": {
        "name": "(anonymous_1)",
        "decl": {
          "start": {
            "line": 15,
            "column": 42
          },
          "end": {
            "line": 15,
            "column": 43
          }
        },
        "loc": {
          "start": {
            "line": 15,
            "column": 48
          },
          "end": {
            "line": 81,
            "column": 1
          }
        },
        "line": 15
      },
      "2": {
        "name": "(anonymous_2)",
        "decl": {
          "start": {
            "line": 27,
            "column": 4
          },
          "end": {
            "line": 27,
            "column": 5
          }
        },
        "loc": {
          "start": {
            "line": 27,
            "column": 13
          },
          "end": {
            "line": 41,
            "column": 5
          }
        },
        "line": 27
      },
      "3": {
        "name": "(anonymous_3)",
        "decl": {
          "start": {
            "line": 30,
            "column": 14
          },
          "end": {
            "line": 30,
            "column": 15
          }
        },
        "loc": {
          "start": {
            "line": 30,
            "column": 26
          },
          "end": {
            "line": 38,
            "column": 9
          }
        },
        "line": 30
      },
      "4": {
        "name": "(anonymous_4)",
        "decl": {
          "start": {
            "line": 34,
            "column": 42
          },
          "end": {
            "line": 34,
            "column": 43
          }
        },
        "loc": {
          "start": {
            "line": 34,
            "column": 50
          },
          "end": {
            "line": 37,
            "column": 11
          }
        },
        "line": 34
      },
      "5": {
        "name": "(anonymous_5)",
        "decl": {
          "start": {
            "line": 39,
            "column": 15
          },
          "end": {
            "line": 39,
            "column": 16
          }
        },
        "loc": {
          "start": {
            "line": 39,
            "column": 20
          },
          "end": {
            "line": 39,
            "column": 37
          }
        },
        "line": 39
      },
      "6": {
        "name": "LoginComponent_Factory",
        "decl": {
          "start": {
            "line": 42,
            "column": 27
          },
          "end": {
            "line": 42,
            "column": 49
          }
        },
        "loc": {
          "start": {
            "line": 42,
            "column": 69
          },
          "end": {
            "line": 44,
            "column": 5
          }
        },
        "line": 42
      },
      "7": {
        "name": "LoginComponent_Template",
        "decl": {
          "start": {
            "line": 51,
            "column": 25
          },
          "end": {
            "line": 51,
            "column": 48
          }
        },
        "loc": {
          "start": {
            "line": 51,
            "column": 58
          },
          "end": {
            "line": 75,
            "column": 7
          }
        },
        "line": 51
      },
      "8": {
        "name": "LoginComponent_Template_form_ngSubmit_3_listener",
        "decl": {
          "start": {
            "line": 57,
            "column": 45
          },
          "end": {
            "line": 57,
            "column": 93
          }
        },
        "loc": {
          "start": {
            "line": 57,
            "column": 96
          },
          "end": {
            "line": 59,
            "column": 11
          }
        },
        "line": 57
      }
    },
    "branchMap": {
      "0": {
        "loc": {
          "start": {
            "line": 9,
            "column": 2
          },
          "end": {
            "line": 13,
            "column": 3
          }
        },
        "type": "if",
        "locations": [
          {
            "start": {
              "line": 9,
              "column": 2
            },
            "end": {
              "line": 13,
              "column": 3
            }
          },
          {
            "start": {
              "line": 9,
              "column": 2
            },
            "end": {
              "line": 13,
              "column": 3
            }
          }
        ],
        "line": 9
      },
      "1": {
        "loc": {
          "start": {
            "line": 43,
            "column": 18
          },
          "end": {
            "line": 43,
            "column": 53
          }
        },
        "type": "binary-expr",
        "locations": [
          {
            "start": {
              "line": 43,
              "column": 18
            },
            "end": {
              "line": 43,
              "column": 35
            }
          },
          {
            "start": {
              "line": 43,
              "column": 39
            },
            "end": {
              "line": 43,
              "column": 53
            }
          }
        ],
        "line": 43
      },
      "2": {
        "loc": {
          "start": {
            "line": 52,
            "column": 8
          },
          "end": {
            "line": 66,
            "column": 9
          }
        },
        "type": "if",
        "locations": [
          {
            "start": {
              "line": 52,
              "column": 8
            },
            "end": {
              "line": 66,
              "column": 9
            }
          },
          {
            "start": {
              "line": 52,
              "column": 8
            },
            "end": {
              "line": 66,
              "column": 9
            }
          }
        ],
        "line": 52
      },
      "3": {
        "loc": {
          "start": {
            "line": 67,
            "column": 8
          },
          "end": {
            "line": 74,
            "column": 9
          }
        },
        "type": "if",
        "locations": [
          {
            "start": {
              "line": 67,
              "column": 8
            },
            "end": {
              "line": 74,
              "column": 9
            }
          },
          {
            "start": {
              "line": 67,
              "column": 8
            },
            "end": {
              "line": 74,
              "column": 9
            }
          }
        ],
        "line": 67
      },
      "4": {
        "loc": {
          "start": {
            "line": 73,
            "column": 27
          },
          "end": {
            "line": 73,
            "column": 45
          }
        },
        "type": "cond-expr",
        "locations": [
          {
            "start": {
              "line": 73,
              "column": 39
            },
            "end": {
              "line": 73,
              "column": 40
            }
          },
          {
            "start": {
              "line": 73,
              "column": 43
            },
            "end": {
              "line": 73,
              "column": 45
            }
          }
        ],
        "line": 73
      }
    },
    "s": {
      "0": 0,
      "1": 0,
      "2": 0,
      "3": 0,
      "4": 46,
      "5": 35,
      "6": 35,
      "7": 35,
      "8": 35,
      "9": 35,
      "10": 35,
      "11": 18,
      "12": 18,
      "13": 18,
      "14": 18,
      "15": 18,
      "16": 18,
      "17": 0,
      "18": 46,
      "19": 35,
      "20": 46,
      "21": 708,
      "22": 35,
      "23": 35,
      "24": 35,
      "25": 35,
      "26": 35,
      "27": 18,
      "28": 35,
      "29": 35,
      "30": 35,
      "31": 35,
      "32": 35,
      "33": 35,
      "34": 708,
      "35": 673,
      "36": 673,
      "37": 673,
      "38": 673,
      "39": 673,
      "40": 673,
      "41": 46
    },
    "f": {
      "0": 0,
      "1": 46,
      "2": 18,
      "3": 18,
      "4": 18,
      "5": 0,
      "6": 35,
      "7": 708,
      "8": 18
    },
    "b": {
      "0": [
        0,
        0
      ],
      "1": [
        35,
        35
      ],
      "2": [
        35,
        673
      ],
      "3": [
        673,
        35
      ],
      "4": [
        0,
        673
      ]
    },
    "_coverageSchema": "1a1c01bbd47fc00a2c39e90264f33305004495a9",
    "hash": "abcae3d365c981dcc4bbefd0dfb26a7a44bfc0fe"
  },
  "C:\\Users\\cizuo\\Desktop\\OC\\Proj4\\Developpez-une-application-full-stack-complete-main\\front\\src\\app\\core\\services\\post-service.ts": {
    "path": "C:\\Users\\cizuo\\Desktop\\OC\\Proj4\\Developpez-une-application-full-stack-complete-main\\front\\src\\app\\core\\services\\post-service.ts",
    "statementMap": {
      "0": {
        "start": {
          "line": 5,
          "column": 38
        },
        "end": {
          "line": 55,
          "column": 4
        }
      },
      "1": {
        "start": {
          "line": 7,
          "column": 11
        },
        "end": {
          "line": 7,
          "column": 29
        }
      },
      "2": {
        "start": {
          "line": 13,
          "column": 6
        },
        "end": {
          "line": 13,
          "column": 72
        }
      },
      "3": {
        "start": {
          "line": 19,
          "column": 6
        },
        "end": {
          "line": 19,
          "column": 49
        }
      },
      "4": {
        "start": {
          "line": 25,
          "column": 6
        },
        "end": {
          "line": 25,
          "column": 60
        }
      },
      "5": {
        "start": {
          "line": 31,
          "column": 6
        },
        "end": {
          "line": 31,
          "column": 56
        }
      },
      "6": {
        "start": {
          "line": 37,
          "column": 6
        },
        "end": {
          "line": 37,
          "column": 66
        }
      },
      "7": {
        "start": {
          "line": 43,
          "column": 6
        },
        "end": {
          "line": 43,
          "column": 63
        }
      },
      "8": {
        "start": {
          "line": 45,
          "column": 18
        },
        "end": {
          "line": 47,
          "column": 5
        }
      },
      "9": {
        "start": {
          "line": 46,
          "column": 6
        },
        "end": {
          "line": 46,
          "column": 54
        }
      },
      "10": {
        "start": {
          "line": 48,
          "column": 32
        },
        "end": {
          "line": 52,
          "column": 6
        }
      },
      "11": {
        "start": {
          "line": 54,
          "column": 2
        },
        "end": {
          "line": 54,
          "column": 21
        }
      }
    },
    "fnMap": {
      "0": {
        "name": "(anonymous_0)",
        "decl": {
          "start": {
            "line": 5,
            "column": 39
          },
          "end": {
            "line": 5,
            "column": 40
          }
        },
        "loc": {
          "start": {
            "line": 5,
            "column": 45
          },
          "end": {
            "line": 55,
            "column": 1
          }
        },
        "line": 5
      },
      "1": {
        "name": "(anonymous_1)",
        "decl": {
          "start": {
            "line": 12,
            "column": 4
          },
          "end": {
            "line": 12,
            "column": 5
          }
        },
        "loc": {
          "start": {
            "line": 12,
            "column": 27
          },
          "end": {
            "line": 14,
            "column": 5
          }
        },
        "line": 12
      },
      "2": {
        "name": "(anonymous_2)",
        "decl": {
          "start": {
            "line": 18,
            "column": 4
          },
          "end": {
            "line": 18,
            "column": 5
          }
        },
        "loc": {
          "start": {
            "line": 18,
            "column": 13
          },
          "end": {
            "line": 20,
            "column": 5
          }
        },
        "line": 18
      },
      "3": {
        "name": "(anonymous_3)",
        "decl": {
          "start": {
            "line": 24,
            "column": 4
          },
          "end": {
            "line": 24,
            "column": 5
          }
        },
        "loc": {
          "start": {
            "line": 24,
            "column": 16
          },
          "end": {
            "line": 26,
            "column": 5
          }
        },
        "line": 24
      },
      "4": {
        "name": "(anonymous_4)",
        "decl": {
          "start": {
            "line": 30,
            "column": 4
          },
          "end": {
            "line": 30,
            "column": 5
          }
        },
        "loc": {
          "start": {
            "line": 30,
            "column": 17
          },
          "end": {
            "line": 32,
            "column": 5
          }
        },
        "line": 30
      },
      "5": {
        "name": "(anonymous_5)",
        "decl": {
          "start": {
            "line": 36,
            "column": 4
          },
          "end": {
            "line": 36,
            "column": 5
          }
        },
        "loc": {
          "start": {
            "line": 36,
            "column": 21
          },
          "end": {
            "line": 38,
            "column": 5
          }
        },
        "line": 36
      },
      "6": {
        "name": "(anonymous_6)",
        "decl": {
          "start": {
            "line": 42,
            "column": 4
          },
          "end": {
            "line": 42,
            "column": 5
          }
        },
        "loc": {
          "start": {
            "line": 42,
            "column": 15
          },
          "end": {
            "line": 44,
            "column": 5
          }
        },
        "line": 42
      },
      "7": {
        "name": "PostService_Factory",
        "decl": {
          "start": {
            "line": 45,
            "column": 27
          },
          "end": {
            "line": 45,
            "column": 46
          }
        },
        "loc": {
          "start": {
            "line": 45,
            "column": 66
          },
          "end": {
            "line": 47,
            "column": 5
          }
        },
        "line": 45
      }
    },
    "branchMap": {
      "0": {
        "loc": {
          "start": {
            "line": 12,
            "column": 12
          },
          "end": {
            "line": 12,
            "column": 25
          }
        },
        "type": "default-arg",
        "locations": [
          {
            "start": {
              "line": 12,
              "column": 19
            },
            "end": {
              "line": 12,
              "column": 25
            }
          }
        ],
        "line": 12
      },
      "1": {
        "loc": {
          "start": {
            "line": 46,
            "column": 18
          },
          "end": {
            "line": 46,
            "column": 50
          }
        },
        "type": "binary-expr",
        "locations": [
          {
            "start": {
              "line": 46,
              "column": 18
            },
            "end": {
              "line": 46,
              "column": 35
            }
          },
          {
            "start": {
              "line": 46,
              "column": 39
            },
            "end": {
              "line": 46,
              "column": 50
            }
          }
        ],
        "line": 46
      }
    },
    "s": {
      "0": 46,
      "1": 24,
      "2": 24,
      "3": 0,
      "4": 4,
      "5": 1,
      "6": 0,
      "7": 0,
      "8": 46,
      "9": 24,
      "10": 46,
      "11": 46
    },
    "f": {
      "0": 46,
      "1": 24,
      "2": 0,
      "3": 4,
      "4": 1,
      "5": 0,
      "6": 0,
      "7": 24
    },
    "b": {
      "0": [
        0
      ],
      "1": [
        24,
        24
      ]
    },
    "_coverageSchema": "1a1c01bbd47fc00a2c39e90264f33305004495a9",
    "hash": "7a7186ae0811a14af9855afab8df03c711dacd0a"
  },
  "C:\\Users\\cizuo\\Desktop\\OC\\Proj4\\Developpez-une-application-full-stack-complete-main\\front\\src\\app\\features\\posts\\components\\post-list-component\\post-list-component.ts": {
    "path": "C:\\Users\\cizuo\\Desktop\\OC\\Proj4\\Developpez-une-application-full-stack-complete-main\\front\\src\\app\\features\\posts\\components\\post-list-component\\post-list-component.ts",
    "statementMap": {
      "0": {
        "start": {
          "line": 7,
          "column": 12
        },
        "end": {
          "line": 7,
          "column": 28
        }
      },
      "1": {
        "start": {
          "line": 7,
          "column": 18
        },
        "end": {
          "line": 7,
          "column": 28
        }
      },
      "2": {
        "start": {
          "line": 8,
          "column": 12
        },
        "end": {
          "line": 8,
          "column": 22
        }
      },
      "3": {
        "start": {
          "line": 8,
          "column": 18
        },
        "end": {
          "line": 8,
          "column": 22
        }
      },
      "4": {
        "start": {
          "line": 9,
          "column": 19
        },
        "end": {
          "line": 9,
          "column": 46
        }
      },
      "5": {
        "start": {
          "line": 9,
          "column": 38
        },
        "end": {
          "line": 9,
          "column": 46
        }
      },
      "6": {
        "start": {
          "line": 11,
          "column": 2
        },
        "end": {
          "line": 30,
          "column": 3
        }
      },
      "7": {
        "start": {
          "line": 12,
          "column": 4
        },
        "end": {
          "line": 12,
          "column": 44
        }
      },
      "8": {
        "start": {
          "line": 13,
          "column": 4
        },
        "end": {
          "line": 13,
          "column": 17
        }
      },
      "9": {
        "start": {
          "line": 14,
          "column": 4
        },
        "end": {
          "line": 14,
          "column": 22
        }
      },
      "10": {
        "start": {
          "line": 15,
          "column": 4
        },
        "end": {
          "line": 15,
          "column": 34
        }
      },
      "11": {
        "start": {
          "line": 16,
          "column": 4
        },
        "end": {
          "line": 16,
          "column": 17
        }
      },
      "12": {
        "start": {
          "line": 17,
          "column": 4
        },
        "end": {
          "line": 17,
          "column": 25
        }
      },
      "13": {
        "start": {
          "line": 18,
          "column": 4
        },
        "end": {
          "line": 18,
          "column": 22
        }
      },
      "14": {
        "start": {
          "line": 19,
          "column": 4
        },
        "end": {
          "line": 19,
          "column": 30
        }
      },
      "15": {
        "start": {
          "line": 20,
          "column": 4
        },
        "end": {
          "line": 20,
          "column": 34
        }
      },
      "16": {
        "start": {
          "line": 21,
          "column": 4
        },
        "end": {
          "line": 21,
          "column": 35
        }
      },
      "17": {
        "start": {
          "line": 22,
          "column": 4
        },
        "end": {
          "line": 22,
          "column": 17
        }
      },
      "18": {
        "start": {
          "line": 23,
          "column": 4
        },
        "end": {
          "line": 23,
          "column": 24
        }
      },
      "19": {
        "start": {
          "line": 24,
          "column": 4
        },
        "end": {
          "line": 24,
          "column": 31
        }
      },
      "20": {
        "start": {
          "line": 25,
          "column": 4
        },
        "end": {
          "line": 25,
          "column": 18
        }
      },
      "21": {
        "start": {
          "line": 26,
          "column": 4
        },
        "end": {
          "line": 26,
          "column": 22
        }
      },
      "22": {
        "start": {
          "line": 27,
          "column": 4
        },
        "end": {
          "line": 27,
          "column": 39
[...]
      },
      "15": {
        "start": {
          "line": 27,
          "column": 19
        },
        "end": {
          "line": 27,
          "column": 39
        }
      },
      "16": {
        "start": {
          "line": 28,
          "column": 14
        },
        "end": {
          "line": 28,
          "column": 16
        }
      },
      "17": {
        "start": {
          "line": 30,
          "column": 6
        },
        "end": {
          "line": 30,
          "column": 72
        }
      },
      "18": {
        "start": {
          "line": 30,
          "column": 51
        },
        "end": {
          "line": 30,
          "column": 70
        }
      },
      "19": {
        "start": {
          "line": 33,
          "column": 6
        },
        "end": {
          "line": 38,
          "column": 7
        }
      },
      "20": {
        "start": {
          "line": 37,
          "column": 8
        },
        "end": {
          "line": 37,
          "column": 95
        }
      },
      "21": {
        "start": {
          "line": 37,
          "column": 69
        },
        "end": {
          "line": 37,
          "column": 93
        }
      },
      "22": {
        "start": {
          "line": 40,
          "column": 18
        },
        "end": {
          "line": 42,
          "column": 5
        }
      },
      "23": {
        "start": {
          "line": 41,
          "column": 6
        },
        "end": {
          "line": 41,
          "column": 61
        }
      },
      "24": {
        "start": {
          "line": 43,
          "column": 31
        },
        "end": {
          "line": 65,
          "column": 6
        }
      },
      "25": {
        "start": {
          "line": 50,
          "column": 8
        },
        "end": {
          "line": 57,
          "column": 9
        }
      },
      "26": {
        "start": {
          "line": 51,
          "column": 10
        },
        "end": {
          "line": 51,
          "column": 37
        }
      },
      "27": {
        "start": {
          "line": 52,
          "column": 10
        },
        "end": {
          "line": 52,
          "column": 41
        }
      },
      "28": {
        "start": {
          "line": 53,
          "column": 10
        },
        "end": {
          "line": 53,
          "column": 28
        }
      },
      "29": {
        "start": {
          "line": 54,
          "column": 10
        },
        "end": {
          "line": 54,
          "column": 54
        }
      },
      "30": {
        "start": {
          "line": 55,
          "column": 10
        },
        "end": {
          "line": 55,
          "column": 107
        }
      },
      "31": {
        "start": {
          "line": 56,
          "column": 10
        },
        "end": {
          "line": 56,
          "column": 30
        }
      },
      "32": {
        "start": {
          "line": 58,
          "column": 8
        },
        "end": {
          "line": 61,
          "column": 9
        }
      },
      "33": {
        "start": {
          "line": 59,
          "column": 10
        },
        "end": {
          "line": 59,
          "column": 26
        }
      },
      "34": {
        "start": {
          "line": 60,
          "column": 10
        },
        "end": {
          "line": 60,
          "column": 37
        }
      },
      "35": {
        "start": {
          "line": 67,
          "column": 2
        },
        "end": {
          "line": 67,
          "column": 28
        }
      }
    },
    "fnMap": {
      "0": {
        "name": "(anonymous_0)",
        "decl": {
          "start": {
            "line": 7,
            "column": 19
          },
          "end": {
            "line": 7,
            "column": 20
          }
        },
        "loc": {
          "start": {
            "line": 7,
            "column": 38
          },
          "end": {
            "line": 7,
            "column": 46
          }
        },
        "line": 7
      },
      "1": {
        "name": "TopicListComponent_For_5_Template",
        "decl": {
          "start": {
            "line": 8,
            "column": 9
          },
          "end": {
            "line": 8,
            "column": 42
          }
        },
        "loc": {
          "start": {
            "line": 8,
            "column": 52
          },
          "end": {
            "line": 23,
            "column": 1
          }
        },
        "line": 8
      },
      "2": {
        "name": "TopicListComponent_For_5_Template_app_topic_card_onToggle_0_listener",
        "decl": {
          "start": {
            "line": 12,
            "column": 39
          },
          "end": {
            "line": 12,
            "column": 107
          }
        },
        "loc": {
          "start": {
            "line": 12,
            "column": 110
          },
          "end": {
            "line": 16,
            "column": 5
          }
        },
        "line": 12
      },
      "3": {
        "name": "(anonymous_3)",
        "decl": {
          "start": {
            "line": 24,
            "column": 46
          },
          "end": {
            "line": 24,
            "column": 47
          }
        },
        "loc": {
          "start": {
            "line": 24,
            "column": 52
          },
          "end": {
            "line": 68,
            "column": 1
          }
        },
        "line": 24
      },
      "4": {
        "name": "(anonymous_4)",
        "decl": {
          "start": {
            "line": 29,
            "column": 4
          },
          "end": {
            "line": 29,
            "column": 5
          }
        },
        "loc": {
          "start": {
            "line": 29,
            "column": 15
          },
          "end": {
            "line": 31,
            "column": 5
          }
        },
        "line": 29
      },
      "5": {
        "name": "(anonymous_5)",
        "decl": {
          "start": {
            "line": 30,
            "column": 43
          },
          "end": {
            "line": 30,
            "column": 44
          }
        },
        "loc": {
          "start": {
            "line": 30,
            "column": 51
          },
          "end": {
            "line": 30,
            "column": 70
          }
        },
        "line": 30
      },
      "6": {
        "name": "(anonymous_6)",
        "decl": {
          "start": {
            "line": 32,
            "column": 4
          },
          "end": {
            "line": 32,
            "column": 5
          }
        },
        "loc": {
          "start": {
            "line": 32,
            "column": 30
          },
          "end": {
            "line": 39,
            "column": 5
          }
        },
        "line": 32
      },
      "7": {
        "name": "(anonymous_7)",
        "decl": {
          "start": {
            "line": 37,
            "column": 56
          },
          "end": {
            "line": 37,
            "column": 57
          }
        },
        "loc": {
          "start": {
            "line": 37,
            "column": 69
          },
          "end": {
            "line": 37,
            "column": 93
          }
        },
        "line": 37
      },
      "8": {
        "name": "TopicListComponent_Factory",
        "decl": {
          "start": {
            "line": 40,
            "column": 27
          },
          "end": {
            "line": 40,
            "column": 53
          }
        },
        "loc": {
          "start": {
            "line": 40,
            "column": 73
          },
          "end": {
            "line": 42,
            "column": 5
          }
        },
        "line": 40
      },
      "9": {
        "name": "TopicListComponent_Template",
        "decl": {
          "start": {
            "line": 49,
            "column": 25
          },
          "end": {
            "line": 49,
            "column": 52
          }
        },
        "loc": {
          "start": {
            "line": 49,
            "column": 62
          },
          "end": {
            "line": 62,
            "column": 7
          }
        },
        "line": 49
      }
    },
    "branchMap": {
      "0": {
        "loc": {
          "start": {
            "line": 9,
            "column": 2
          },
          "end": {
            "line": 18,
            "column": 3
          }
        },
        "type": "if",
        "locations": [
          {
            "start": {
              "line": 9,
              "column": 2
            },
            "end": {
              "line": 18,
              "column": 3
            }
          },
          {
            "start": {
              "line": 9,
              "column": 2
            },
            "end": {
              "line": 18,
              "column": 3
            }
          }
        ],
        "line": 9
      },
      "1": {
        "loc": {
          "start": {
            "line": 19,
            "column": 2
          },
          "end": {
            "line": 22,
            "column": 3
          }
        },
        "type": "if",
        "locations": [
          {
            "start": {
              "line": 19,
              "column": 2
            },
            "end": {
              "line": 22,
              "column": 3
            }
          },
          {
            "start": {
              "line": 19,
              "column": 2
            },
            "end": {
              "line": 22,
              "column": 3
            }
          }
        ],
        "line": 19
      },
      "2": {
        "loc": {
          "start": {
            "line": 33,
            "column": 6
          },
          "end": {
            "line": 38,
            "column": 7
          }
        },
        "type": "if",
        "locations": [
          {
            "start": {
              "line": 33,
              "column": 6
            },
            "end": {
              "line": 38,
              "column": 7
            }
          },
          {
            "start": {
              "line": 33,
              "column": 6
            },
            "end": {
              "line": 38,
              "column": 7
            }
          }
        ],
        "line": 33
      },
      "3": {
        "loc": {
          "start": {
            "line": 41,
            "column": 18
          },
          "end": {
            "line": 41,
            "column": 57
          }
        },
        "type": "binary-expr",
        "locations": [
          {
            "start": {
              "line": 41,
              "column": 18
            },
            "end": {
              "line": 41,
              "column": 35
            }
          },
          {
            "start": {
              "line": 41,
              "column": 39
            },
            "end": {
              "line": 41,
              "column": 57
            }
          }
        ],
        "line": 41
      },
      "4": {
        "loc": {
          "start": {
            "line": 50,
            "column": 8
          },
          "end": {
            "line": 57,
            "column": 9
          }
        },
        "type": "if",
        "locations": [
          {
            "start": {
              "line": 50,
              "column": 8
            },
            "end": {
              "line": 57,
              "column": 9
            }
          },
          {
            "start": {
              "line": 50,
              "column": 8
            },
            "end": {
              "line": 57,
              "column": 9
            }
          }
        ],
        "line": 50
      },
      "5": {
        "loc": {
          "start": {
            "line": 58,
            "column": 8
          },
          "end": {
            "line": 61,
            "column": 9
          }
        },
        "type": "if",
        "locations": [
          {
            "start": {
              "line": 58,
              "column": 8
            },
            "end": {
              "line": 61,
              "column": 9
            }
          },
          {
            "start": {
              "line": 58,
              "column": 8
            },
            "end": {
              "line": 61,
              "column": 9
            }
          }
        ],
        "line": 58
      }
    },
    "s": {
      "0": 46,
      "1": 176,
      "2": 368,
      "3": 64,
      "4": 64,
      "5": 64,
      "6": 14,
      "7": 14,
      "8": 14,
      "9": 64,
      "10": 368,
      "11": 304,
      "12": 304,
      "13": 46,
      "14": 16,
      "15": 16,
      "16": 16,
      "17": 16,
      "18": 16,
      "19": 14,
      "20": 14,
      "21": 14,
      "22": 46,
      "23": 16,
      "24": 46,
      "25": 130,
      "26": 16,
      "27": 16,
      "28": 16,
      "29": 16,
      "30": 16,
      "31": 16,
      "32": 130,
      "33": 114,
      "34": 114,
      "35": 46
    },
    "f": {
      "0": 176,
      "1": 368,
      "2": 14,
      "3": 46,
      "4": 16,
      "5": 16,
      "6": 14,
      "7": 14,
      "8": 16,
      "9": 130
    },
    "b": {
      "0": [
        64,
        304
      ],
      "1": [
        304,
        64
      ],
      "2": [
        0,
        14
      ],
      "3": [
        16,
        16
      ],
      "4": [
        16,
        114
      ],
      "5": [
        114,
        16
      ]
    },
    "_coverageSchema": "1a1c01bbd47fc00a2c39e90264f33305004495a9",
    "hash": "33eee9f67d447f4483a79ba949d2304662546313"
  },
  "C:\\Users\\cizuo\\Desktop\\OC\\Proj4\\Developpez-une-application-full-stack-complete-main\\front\\src\\app\\app.routes.ts": {
    "path": "C:\\Users\\cizuo\\Desktop\\OC\\Proj4\\Developpez-une-application-full-stack-complete-main\\front\\src\\app\\app.routes.ts",
    "statementMap": {
      "0": {
        "start": {
          "line": 8,
          "column": 22
        },
        "end": {
          "line": 45,
          "column": 2
        }
      }
    },
    "fnMap": {},
    "branchMap": {},
    "s": {
      "0": 46
    },
    "f": {},
    "b": {},
    "_coverageSchema": "1a1c01bbd47fc00a2c39e90264f33305004495a9",
    "hash": "207d2c805003903eee03358ded0016c5d5bcf2b7"
  },
  "C:\\Users\\cizuo\\Desktop\\OC\\Proj4\\Developpez-une-application-full-stack-complete-main\\front\\src\\app\\app.module.ts": {
    "path": "C:\\Users\\cizuo\\Desktop\\OC\\Proj4\\Developpez-une-application-full-stack-complete-main\\front\\src\\app\\app.module.ts",
    "statementMap": {
      "0": {
        "start": {
          "line": 9,
          "column": 36
        },
        "end": {
          "line": 24,
          "column": 4
        }
      },
      "1": {
        "start": {
          "line": 11,
          "column": 18
        },
        "end": {
          "line": 13,
          "column": 5
        }
      },
      "2": {
        "start": {
          "line": 12,
          "column": 6
        },
        "end": {
          "line": 12,
          "column": 52
        }
      },
      "3": {
        "start": {
          "line": 14,
          "column": 31
        },
        "end": {
          "line": 17,
          "column": 6
        }
      },
      "4": {
        "start": {
          "line": 18,
          "column": 31
        },
        "end": {
          "line": 21,
          "column": 6
        }
      },
      "5": {
        "start": {
          "line": 23,
          "column": 2
        },
        "end": {
          "line": 23,
          "column": 19
        }
      }
    },
    "fnMap": {
      "0": {
        "name": "(anonymous_0)",
        "decl": {
          "start": {
            "line": 9,
            "column": 37
          },
          "end": {
            "line": 9,
            "column": 38
          }
        },
        "loc": {
          "start": {
            "line": 9,
            "column": 43
          },
          "end": {
            "line": 24,
            "column": 1
          }
        },
        "line": 9
      },
      "1": {
        "name": "AppModule_Factory",
        "decl": {
          "start": {
            "line": 11,
            "column": 27
          },
          "end": {
            "line": 11,
            "column": 44
          }
        },
        "loc": {
          "start": {
            "line": 11,
            "column": 64
          },
          "end": {
            "line": 13,
            "column": 5
          }
        },
        "line": 11
      }
    },
    "branchMap": {
      "0": {
        "loc": {
          "start": {
            "line": 12,
            "column": 18
          },
          "end": {
            "line": 12,
            "column": 48
          }
        },
        "type": "binary-expr",
        "locations": [
          {
            "start": {
              "line": 12,
              "column": 18
            },
            "end": {
              "line": 12,
              "column": 35
            }
          },
          {
            "start": {
              "line": 12,
              "column": 39
            },
            "end": {
              "line": 12,
              "column": 48
            }
          }
        ],
        "line": 12
      }
    },
    "s": {
      "0": 46,
      "1": 46,
      "2": 46,
      "3": 46,
      "4": 46,
      "5": 46
    },
    "f": {
      "0": 46,
      "1": 46
    },
    "b": {
      "0": [
        46,
        46
      ]
    },
    "_coverageSchema": "1a1c01bbd47fc00a2c39e90264f33305004495a9",
    "hash": "a3891578759dd90739c32352c92d2ec97769d479"
  },
  "C:\\Users\\cizuo\\Desktop\\OC\\Proj4\\Developpez-une-application-full-stack-complete-main\\front\\src\\main.ts": {
    "path": "C:\\Users\\cizuo\\Desktop\\OC\\Proj4\\Developpez-une-application-full-stack-complete-main\\front\\src\\main.ts",
    "statementMap": {
      "0": {
        "start": {
          "line": 5,
          "column": 0
        },
        "end": {
          "line": 7,
          "column": 1
        }
      },
      "1": {
        "start": {
          "line": 6,
          "column": 2
        },
        "end": {
          "line": 6,
          "column": 19
        }
      },
      "2": {
        "start": {
          "line": 8,
          "column": 0
        },
        "end": {
          "line": 8,
          "column": 98
        }
      },
      "3": {
        "start": {
          "line": 8,
          "column": 78
        },
        "end": {
          "line": 8,
          "column": 96
        }
      }
    },
    "fnMap": {
      "0": {
        "name": "(anonymous_0)",
        "decl": {
          "start": {
            "line": 8,
            "column": 71
          },
          "end": {
            "line": 8,
            "column": 72
          }
        },
        "loc": {
          "start": {
            "line": 8,
            "column": 78
          },
          "end": {
            "line": 8,
            "column": 96
          }
        },
        "line": 8
      }
    },
    "branchMap": {
      "0": {
        "loc": {
          "start": {
            "line": 5,
            "column": 0
          },
          "end": {
            "line": 7,
            "column": 1
          }
        },
        "type": "if",
        "locations": [
          {
            "start": {
              "line": 5,
              "column": 0
            },
            "end": {
              "line": 7,
              "column": 1
            }
          },
          {
            "start": {
              "line": 5,
              "column": 0
            },
            "end": {
              "line": 7,
              "column": 1
            }
          }
        ],
        "line": 5
      }
    },
    "s": {
      "0": 46,
      "1": 46,
      "2": 46,
      "3": 0
    },
    "f": {
      "0": 0
    },
    "b": {
      "0": [
        46,
        0
      ]
    },
    "_coverageSchema": "1a1c01bbd47fc00a2c39e90264f33305004495a9",
    "hash": "723539c45bbb68c0376fe9ffd4d4430bc5cdb911"
  }
}