{
  "C:\\Users\\cizuo\\Desktop\\OC\\Proj4\\Developpez-une-application-full-stack-complete-main\\front\\src\\polyfills.ts": {
    "path": "C:\\Users\\cizuo\\Desktop\\OC\\Proj4\\Developpez-une-application-full-stack-complete-main\\front\\src\\polyfills.ts",
    "statementMap": {},
    "fnMap": {},
    "branchMap": {},
    "s": {},
    "f": {},
    "b": {},
    "_coverageSchema": "1a1c01bbd47fc00a2c39e90264f33305004495a9",
    "hash": "0b6c9ac8373baa5c4de26a8479380f536d044e71"
  },
  "C:\\Users\\cizuo\\Desktop\\OC\\Proj4\\Developpez-une-application-full-stack-complete-main\\front\\src\\app\\core\\services\\session.service.ts": {
    "path": "C:\\Users\\cizuo\\Desktop\\OC\\Proj4\\Developpez-une-application-full-stack-complete-main\\front\\src\\app\\core\\services\\session.service.ts",
    "statementMap": {
      "0": {
        "start": {
          "line": 3,
          "column": 41
        },
        "end": {
          "line": 41,
          "column": 4
        }
      },
      "1": {
        "start": {
          "line": 6,
          "column": 15
        },
        "end": {
          "line": 6,
          "column": 20
        }
      },
      "2": {
        "start": {
          "line": 9,
          "column": 22
        },
        "end": {
          "line": 9,
          "column": 56
        }
      },
      "3": {
        "start": {
          "line": 12,
          "column": 6
        },
        "end": {
          "line": 12,
          "column": 49
        }
      },
      "4": {
        "start": {
          "line": 16,
          "column": 6
        },
        "end": {
          "line": 16,
          "column": 23
        }
      },
      "5": {
        "start": {
          "line": 17,
          "column": 6
        },
        "end": {
          "line": 17,
          "column": 27
        }
      },
      "6": {
        "start": {
          "line": 18,
          "column": 6
        },
        "end": {
          "line": 18,
          "column": 18
        }
      },
      "7": {
        "start": {
          "line": 22,
          "column": 6
        },
        "end": {
          "line": 22,
          "column": 39
        }
      },
      "8": {
        "start": {
          "line": 23,
          "column": 6
        },
        "end": {
          "line": 23,
          "column": 28
        }
      },
      "9": {
        "start": {
          "line": 24,
          "column": 6
        },
        "end": {
          "line": 24,
          "column": 28
        }
      },
      "10": {
        "start": {
          "line": 25,
          "column": 6
        },
        "end": {
          "line": 25,
          "column": 18
        }
      },
      "11": {
        "start": {
          "line": 29,
          "column": 6
        },
        "end": {
          "line": 29,
          "column": 47
        }
      },
      "12": {
        "start": {
          "line": 31,
          "column": 18
        },
        "end": {
          "line": 33,
          "column": 5
        }
      },
      "13": {
        "start": {
          "line": 32,
          "column": 6
        },
        "end": {
          "line": 32,
          "column": 57
        }
      },
      "14": {
        "start": {
          "line": 34,
          "column": 32
        },
        "end": {
          "line": 38,
          "column": 6
        }
      },
      "15": {
        "start": {
          "line": 40,
          "column": 2
        },
        "end": {
          "line": 40,
          "column": 24
        }
      }
    },
    "fnMap": {
      "0": {
        "name": "(anonymous_0)",
        "decl": {
          "start": {
            "line": 3,
            "column": 42
          },
          "end": {
            "line": 3,
            "column": 43
          }
        },
        "loc": {
          "start": {
            "line": 3,
            "column": 48
          },
          "end": {
            "line": 41,
            "column": 1
          }
        },
        "line": 3
      },
      "1": {
        "name": "(anonymous_1)",
        "decl": {
          "start": {
            "line": 11,
            "column": 4
          },
          "end": {
            "line": 11,
            "column": 5
          }
        },
        "loc": {
          "start": {
            "line": 11,
            "column": 16
          },
          "end": {
            "line": 13,
            "column": 5
          }
        },
        "line": 11
      },
      "2": {
        "name": "(anonymous_2)",
        "decl": {
          "start": {
            "line": 15,
            "column": 4
          },
          "end": {
            "line": 15,
            "column": 5
          }
        },
        "loc": {
          "start": {
            "line": 15,
            "column": 16
          },
          "end": {
            "line": 19,
            "column": 5
          }
        },
        "line": 15
      },
      "3": {
        "name": "(anonymous_3)",
        "decl": {
          "start": {
            "line": 21,
            "column": 4
          },
          "end": {
            "line": 21,
            "column": 5
          }
        },
        "loc": {
          "start": {
            "line": 21,
            "column": 13
          },
          "end": {
            "line": 26,
            "column": 5
          }
        },
        "line": 21
      },
      "4": {
        "name": "(anonymous_4)",
        "decl": {
          "start": {
            "line": 28,
            "column": 4
          },
          "end": {
            "line": 28,
            "column": 5
          }
        },
        "loc": {
          "start": {
            "line": 28,
            "column": 11
          },
          "end": {
            "line": 30,
            "column": 5
          }
        },
        "line": 28
      },
      "5": {
        "name": "SessionService_Factory",
        "decl": {
          "start": {
            "line": 31,
            "column": 27
          },
          "end": {
            "line": 31,
            "column": 49
          }
        },
        "loc": {
          "start": {
            "line": 31,
            "column": 69
          },
          "end": {
            "line": 33,
            "column": 5
          }
        },
        "line": 31
      }
    },
    "branchMap": {
      "0": {
        "loc": {
          "start": {
            "line": 32,
            "column": 18
          },
          "end": {
            "line": 32,
            "column": 53
          }
        },
        "type": "binary-expr",
        "locations": [
          {
            "start": {
              "line": 32,
              "column": 18
            },
            "end": {
              "line": 32,
              "column": 35
            }
          },
          {
            "start": {
              "line": 32,
              "column": 39
            },
            "end": {
              "line": 32,
              "column": 53
            }
          }
        ],
        "line": 32
      }
    },
    "s": {
      "0": 43,
      "1": 43,
      "2": 43,
      "3": 43,
      "4": 25,
      "5": 25,
      "6": 25,
      "7": 1,
      "8": 1,
      "9": 1,
      "10": 1,
      "11": 26,
      "12": 43,
      "13": 43,
      "14": 43,
      "15": 43
    },
    "f": {
      "0": 43,
      "1": 43,
      "2": 25,
      "3": 1,
      "4": 26,
      "5": 43
    },
    "b": {
      "0": [
        43,
        43
      ]
    },
    "_coverageSchema": "1a1c01bbd47fc00a2c39e90264f33305004495a9",
    "hash": "fca0c69ce97e1c50e6c4ebcbe7760a3c20e1047b"
  },
  "C:\\Users\\cizuo\\Desktop\\OC\\Proj4\\Developpez-une-application-full-stack-complete-main\\front\\src\\environments\\environment.prod.ts": {
    "path": "C:\\Users\\cizuo\\Desktop\\OC\\Proj4\\Developpez-une-application-full-stack-complete-main\\front\\src\\environments\\environment.prod.ts",
    "statementMap": {
      "0": {
        "start": {
          "line": 1,
          "column": 27
        },
        "end": {
          "line": 8,
          "column": 1
        }
      }
    },
    "fnMap": {},
    "branchMap": {},
    "s": {
      "0": 43
    },
    "f": {},
    "b": {},
    "_coverageSchema": "1a1c01bbd47fc00a2c39e90264f33305004495a9",
    "hash": "c40075dc446a74fdc48281f1568918a57ce7f6a3"
  },
  "C:\\Users\\cizuo\\Desktop\\OC\\Proj4\\Developpez-une-application-full-stack-complete-main\\front\\src\\app\\core\\services\\auth.service.ts": {
    "path": "C:\\Users\\cizuo\\Desktop\\OC\\Proj4\\Developpez-une-application-full-stack-complete-main\\front\\src\\app\\core\\services\\auth.service.ts",
    "statementMap": {
      "0": {
        "start": {
          "line": 5,
          "column": 38
        },
        "end": {
          "line": 27,
          "column": 4
        }
      },
      "1": {
        "start": {
          "line": 7,
          "column": 11
        },
        "end": {
          "line": 7,
          "column": 29
        }
      },
      "2": {
        "start": {
          "line": 9,
          "column": 6
        },
        "end": {
          "line": 9,
          "column": 81
        }
      },
      "3": {
        "start": {
          "line": 12,
          "column": 6
        },
        "end": {
          "line": 12,
          "column": 75
        }
      },
      "4": {
        "start": {
          "line": 15,
          "column": 6
        },
        "end": {
          "line": 15,
          "column": 57
        }
      },
      "5": {
        "start": {
          "line": 17,
          "column": 18
        },
        "end": {
          "line": 19,
          "column": 5
        }
      },
      "6": {
        "start": {
          "line": 18,
          "column": 6
        },
        "end": {
          "line": 18,
          "column": 54
        }
      },
      "7": {
        "start": {
          "line": 20,
          "column": 32
        },
        "end": {
          "line": 24,
          "column": 6
        }
      },
      "8": {
        "start": {
          "line": 26,
          "column": 2
        },
        "end": {
          "line": 26,
          "column": 21
        }
      }
    },
    "fnMap": {
      "0": {
        "name": "(anonymous_0)",
        "decl": {
          "start": {
            "line": 5,
            "column": 39
          },
          "end": {
            "line": 5,
            "column": 40
          }
        },
        "loc": {
          "start": {
            "line": 5,
            "column": 45
          },
          "end": {
            "line": 27,
            "column": 1
          }
        },
        "line": 5
      },
      "1": {
        "name": "(anonymous_1)",
        "decl": {
          "start": {
            "line": 8,
            "column": 4
          },
          "end": {
            "line": 8,
            "column": 5
          }
        },
        "loc": {
          "start": {
            "line": 8,
            "column": 30
          },
          "end": {
            "line": 10,
            "column": 5
          }
        },
        "line": 8
      },
      "2": {
        "name": "(anonymous_2)",
        "decl": {
          "start": {
            "line": 11,
            "column": 4
          },
          "end": {
            "line": 11,
            "column": 5
          }
        },
        "loc": {
          "start": {
            "line": 11,
            "column": 24
          },
          "end": {
            "line": 13,
            "column": 5
          }
        },
        "line": 11
      },
      "3": {
        "name": "(anonymous_3)",
        "decl": {
          "start": {
            "line": 14,
            "column": 4
          },
          "end": {
            "line": 14,
            "column": 5
          }
        },
        "loc": {
          "start": {
            "line": 14,
            "column": 9
          },
          "end": {
            "line": 16,
            "column": 5
          }
        },
        "line": 14
      },
      "4": {
        "name": "AuthService_Factory",
        "decl": {
          "start": {
            "line": 17,
            "column": 27
          },
          "end": {
            "line": 17,
            "column": 46
          }
        },
        "loc": {
          "start": {
            "line": 17,
            "column": 66
          },
          "end": {
            "line": 19,
            "column": 5
          }
        },
        "line": 17
      }
    },
    "branchMap": {
      "0": {
        "loc": {
          "start": {
            "line": 18,
            "column": 18
          },
          "end": {
            "line": 18,
            "column": 50
          }
        },
        "type": "binary-expr",
        "locations": [
          {
            "start": {
              "line": 18,
              "column": 18
            },
            "end": {
              "line": 18,
              "column": 35
            }
          },
          {
            "start": {
              "line": 18,
              "column": 39
            },
            "end": {
              "line": 18,
              "column": 50
            }
          }
        ],
        "line": 18
      }
    },
    "s": {
      "0": 43,
      "1": 43,
      "2": 16,
      "3": 17,
      "4": 27,
      "5": 43,
      "6": 43,
      "7": 43,
      "8": 43
    },
    "f": {
      "0": 43,
      "1": 16,
      "2": 17,
      "3": 27,
      "4": 43
    },
    "b": {
      "0": [
        43,
        43
      ]
    },
    "_coverageSchema": "1a1c01bbd47fc00a2c39e90264f33305004495a9",
    "hash": "7baf0b4078d82d6507e14593eeeda78265fe5336"
  },
  "C:\\Users\\cizuo\\Desktop\\OC\\Proj4\\Developpez-une-application-full-stack-complete-main\\front\\src\\app\\app.component.ts": {
    "path": "C:\\Users\\cizuo\\Desktop\\OC\\Proj4\\Developpez-une-application-full-stack-complete-main\\front\\src\\app\\app.component.ts",
    "statementMap": {
      "0": {
        "start": {
          "line": 6,
          "column": 39
        },
        "end": {
          "line": 52,
          "column": 4
        }
      },
      "1": {
        "start": {
          "line": 8,
          "column": 21
        },
        "end": {
          "line": 8,
          "column": 43
        }
      },
      "2": {
        "start": {
          "line": 9,
          "column": 18
        },
        "end": {
          "line": 9,
          "column": 37
        }
      },
      "3": {
        "start": {
          "line": 10,
          "column": 16
        },
        "end": {
          "line": 10,
          "column": 47
        }
      },
      "4": {
        "start": {
          "line": 12,
          "column": 6
        },
        "end": {
          "line": 12,
          "column": 35
        }
      },
      "5": {
        "start": {
          "line": 15,
          "column": 6
        },
        "end": {
          "line": 15,
          "column": 23
        }
      },
      "6": {
        "start": {
          "line": 18,
          "column": 20
        },
        "end": {
          "line": 18,
          "column": 49
        }
      },
      "7": {
        "start": {
          "line": 19,
          "column": 6
        },
        "end": {
          "line": 31,
          "column": 7
        }
      },
      "8": {
        "start": {
          "line": 21,
          "column": 8
        },
        "end": {
          "line": 30,
          "column": 11
        }
      },
      "9": {
        "start": {
          "line": 24,
          "column": 12
        },
        "end": {
          "line": 24,
          "column": 44
        }
      },
      "10": {
        "start": {
          "line": 28,
          "column": 12
        },
        "end": {
          "line": 28,
          "column": 41
        }
      },
      "11": {
        "start": {
          "line": 33,
          "column": 18
        },
        "end": {
          "line": 35,
          "column": 5
        }
      },
      "12": {
        "start": {
          "line": 34,
          "column": 6
        },
        "end": {
          "line": 34,
          "column": 55
        }
      },
      "13": {
        "start": {
          "line": 36,
          "column": 31
        },
        "end": {
          "line": 49,
          "column": 6
        }
      },
      "14": {
        "start": {
          "line": 43,
          "column": 8
        },
        "end": {
          "line": 45,
          "column": 9
        }
      },
      "15": {
        "start": {
          "line": 44,
          "column": 10
        },
        "end": {
          "line": 44,
          "column": 43
        }
      },
      "16": {
        "start": {
          "line": 51,
          "column": 2
        },
        "end": {
          "line": 51,
          "column": 22
        }
      }
    },
    "fnMap": {
      "0": {
        "name": "(anonymous_0)",
        "decl": {
          "start": {
            "line": 6,
            "column": 40
          },
          "end": {
            "line": 6,
            "column": 41
          }
        },
        "loc": {
          "start": {
            "line": 6,
            "column": 46
          },
          "end": {
            "line": 52,
            "column": 1
          }
        },
        "line": 6
      },
      "1": {
        "name": "(anonymous_1)",
        "decl": {
          "start": {
            "line": 11,
            "column": 4
          },
          "end": {
            "line": 11,
            "column": 5
          }
        },
        "loc": {
          "start": {
            "line": 11,
            "column": 13
          },
          "end": {
            "line": 13,
            "column": 5
          }
        },
        "line": 11
      },
      "2": {
        "name": "(anonymous_2)",
        "decl": {
          "start": {
            "line": 14,
            "column": 4
          },
          "end": {
            "line": 14,
            "column": 5
          }
        },
        "loc": {
          "start": {
            "line": 14,
            "column": 15
          },
          "end": {
            "line": 16,
            "column": 5
          }
        },
        "line": 14
      },
      "3": {
        "name": "(anonymous_3)",
        "decl": {
          "start": {
            "line": 17,
            "column": 4
          },
          "end": {
            "line": 17,
            "column": 5
          }
        },
        "loc": {
          "start": {
            "line": 17,
            "column": 16
          },
          "end": {
            "line": 32,
            "column": 5
          }
        },
        "line": 17
      },
      "4": {
        "name": "(anonymous_4)",
        "decl": {
          "start": {
            "line": 22,
            "column": 16
          },
          "end": {
            "line": 22,
            "column": 17
          }
        },
        "loc": {
          "start": {
            "line": 22,
            "column": 24
          },
          "end": {
            "line": 25,
            "column": 11
          }
        },
        "line": 22
      },
      "5": {
        "name": "(anonymous_5)",
        "decl": {
          "start": {
            "line": 26,
            "column": 17
          },
          "end": {
            "line": 26,
            "column": 18
          }
        },
        "loc": {
          "start": {
            "line": 26,
            "column": 23
          },
          "end": {
            "line": 29,
            "column": 11
          }
        },
        "line": 26
      },
      "6": {
        "name": "AppComponent_Factory",
        "decl": {
          "start": {
            "line": 33,
            "column": 27
          },
          "end": {
            "line": 33,
            "column": 47
          }
        },
        "loc": {
          "start": {
            "line": 33,
            "column": 67
          },
          "end": {
            "line": 35,
            "column": 5
          }
        },
        "line": 33
      },
      "7": {
        "name": "AppComponent_Template",
        "decl": {
          "start": {
            "line": 42,
            "column": 25
          },
          "end": {
            "line": 42,
            "column": 46
          }
        },
        "loc": {
          "start": {
            "line": 42,
            "column": 56
          },
          "end": {
            "line": 46,
            "column": 7
          }
        },
        "line": 42
      }
    },
    "branchMap": {
      "0": {
        "loc": {
          "start": {
            "line": 19,
            "column": 6
          },
          "end": {
            "line": 31,
            "column": 7
          }
        },
        "type": "if",
        "locations": [
          {
            "start": {
              "line": 19,
              "column": 6
            },
            "end": {
              "line": 31,
              "column": 7
            }
          },
          {
            "start": {
              "line": 19,
              "column": 6
            },
            "end": {
              "line": 31,
              "column": 7
            }
          }
        ],
        "line": 19
      },
      "1": {
        "loc": {
          "start": {
            "line": 34,
            "column": 18
          },
          "end": {
            "line": 34,
            "column": 51
          }
        },
        "type": "binary-expr",
        "locations": [
          {
            "start": {
              "line": 34,
              "column": 18
            },
            "end": {
              "line": 34,
              "column": 35
            }
          },
          {
            "start": {
              "line": 34,
              "column": 39
            },
            "end": {
              "line": 34,
              "column": 51
            }
          }
        ],
        "line": 34
      },
      "2": {
        "loc": {
          "start": {
            "line": 43,
            "column": 8
          },
          "end": {
            "line": 45,
            "column": 9
          }
        },
        "type": "if",
        "locations": [
          {
            "start": {
              "line": 43,
              "column": 8
            },
            "end": {
              "line": 45,
              "column": 9
            }
          },
          {
            "start": {
              "line": 43,
              "column": 8
            },
            "end": {
              "line": 45,
              "column": 9
            }
          }
        ],
        "line": 43
      }
    },
    "s": {
      "0": 43,
      "1": 43,
      "2": 43,
      "3": 43,
      "4": 0,
      "5": 43,
      "6": 43,
      "7": 43,
      "8": 10,
      "9": 9,
      "10": 1,
      "11": 43,
      "12": 43,
      "13": 43,
      "14": 2507,
      "15": 43,
      "16": 43
    },
    "f": {
      "0": 43,
      "1": 0,
      "2": 43,
      "3": 43,
      "4": 9,
      "5": 1,
      "6": 43,
      "7": 2507
    },
    "b": {
      "0": [
        10,
        33
      ],
      "1": [
        43,
        43
      ],
      "2": [
        43,
        2464
      ]
    },
    "_coverageSchema": "1a1c01bbd47fc00a2c39e90264f33305004495a9",
    "hash": "d8b6e174f85533348dcfec042c7c0e4e72935777"
  },
  "C:\\Users\\cizuo\\Desktop\\OC\\Proj4\\Developpez-une-application-full-stack-complete-main\\front\\src\\app\\interceptors\\jwt-interceptor.ts": {
    "path": "C:\\Users\\cizuo\\Desktop\\OC\\Proj4\\Developpez-une-application-full-stack-complete-main\\front\\src\\app\\interceptors\\jwt-interceptor.ts",
    "statementMap": {
      "0": {
        "start": {
          "line": 1,
          "column": 30
        },
        "end": {
          "line": 15,
          "column": 1
        }
      },
      "1": {
        "start": {
          "line": 3,
          "column": 16
        },
        "end": {
          "line": 3,
          "column": 45
        }
      },
      "2": {
        "start": {
          "line": 5,
          "column": 2
        },
        "end": {
          "line": 12,
          "column": 3
        }
      },
      "3": {
        "start": {
          "line": 6,
          "column": 19
        },
        "end": {
          "line": 10,
          "column": 6
        }
      },
      "4": {
        "start": {
          "line": 11,
          "column": 4
        },
        "end": {
          "line": 11,
          "column": 24
        }
      },
      "5": {
        "start": {
          "line": 14,
          "column": 2
        },
        "end": {
          "line": 14,
          "column": 19
        }
      }
    },
    "fnMap": {
      "0": {
        "name": "(anonymous_0)",
        "decl": {
          "start": {
            "line": 1,
            "column": 30
          },
          "end": {
            "line": 1,
            "column": 31
          }
        },
        "loc": {
          "start": {
            "line": 1,
            "column": 45
          },
          "end": {
            "line": 15,
            "column": 1
          }
        },
        "line": 1
      }
    },
    "branchMap": {
      "0": {
        "loc": {
          "start": {
            "line": 5,
            "column": 2
          },
          "end": {
            "line": 12,
            "column": 3
          }
        },
        "type": "if",
        "locations": [
          {
            "start": {
              "line": 5,
              "column": 2
            },
            "end": {
              "line": 12,
              "column": 3
            }
          },
          {
            "start": {
              "line": 5,
              "column": 2
            },
            "end": {
              "line": 12,
              "column": 3
            }
          }
        ],
        "line": 5
      }
    },
    "s": {
      "0": 43,
      "1": 137,
      "2": 137,
      "3": 104,
      "4": 104,
      "5": 33
    },
    "f": {
      "0": 137
    },
    "b": {
      "0": [
        104,
        33
      ]
    },
    "_coverageSchema": "1a1c01bbd47fc00a2c39e90264f33305004495a9",
    "hash": "7fd3826d0066882a025b0f99d1697c5862fd8140"
  },
  "C:\\Users\\cizuo\\Desktop\\OC\\Proj4\\Developpez-une-application-full-stack-complete-main\\front\\src\\app\\features\\auth\\components\\register-component\\register-component.ts": {
    "path": "C:\\Users\\cizuo\\Desktop\\OC\\Proj4\\Developpez-une-application-full-stack-complete-main\\front\\src\\app\\features\\auth\\components\\register-component\\register-component.ts",
    "statementMap": {
      "0": {
        "start": {
          "line": 9,
          "column": 2
        },
        "end": {
          "line": 13,
          "column": 3
        }
      },
      "1": {
        "start": {
          "line": 10,
          "column": 4
        },
        "end": {
          "line": 10,
          "column": 34
        }
      },
      "2": {
        "start": {
          "line": 11,
          "column": 4
        },
        "end": {
          "line": 11,
          "column": 67
        }
      },
      "3": {
        "start": {
          "line": 12,
          "column": 4
        },
        "end": {
          "line": 12,
          "column": 22
        }
      },
      "4": {
        "start": {
          "line": 15,
          "column": 44
        },
        "end": {
          "line": 87,
          "column": 4
        }
      },
      "5": {
        "start": {
          "line": 17,
          "column": 9
        },
        "end": {
          "line": 17,
          "column": 28
        }
      },
      "6": {
        "start": {
          "line": 18,
          "column": 18
        },
        "end": {
          "line": 18,
          "column": 37
        }
      },
      "7": {
        "start": {
          "line": 19,
          "column": 21
        },
        "end": {
          "line": 19,
          "column": 43
        }
      },
      "8": {
        "start": {
          "line": 20,
          "column": 13
        },
        "end": {
          "line": 20,
          "column": 27
        }
      },
      "9": {
        "start": {
          "line": 21,
          "column": 12
        },
        "end": {
          "line": 21,
          "column": 17
        }
      },
      "10": {
        "start": {
          "line": 23,
          "column": 11
        },
        "end": {
          "line": 27,
          "column": 6
        }
      },
      "11": {
        "start": {
          "line": 29,
          "column": 6
        },
        "end": {
          "line": 32,
          "column": 9
        }
      },
      "12": {
        "start": {
          "line": 30,
          "column": 20
        },
        "end": {
          "line": 30,
          "column": 52
        }
      },
      "13": {
        "start": {
          "line": 31,
          "column": 20
        },
        "end": {
          "line": 31,
          "column": 37
        }
      },
      "14": {
        "start": {
          "line": 34,
          "column": 18
        },
        "end": {
          "line": 36,
          "column": 5
        }
      },
      "15": {
        "start": {
          "line": 35,
          "column": 6
        },
        "end": {
          "line": 35,
          "column": 60
        }
      },
      "16": {
        "start": {
          "line": 37,
          "column": 31
        },
        "end": {
          "line": 84,
          "column": 6
        }
      },
      "17": {
        "start": {
          "line": 44,
          "column": 8
        },
        "end": {
          "line": 72,
          "column": 9
        }
      },
      "18": {
        "start": {
          "line": 45,
          "column": 10
        },
        "end": {
          "line": 45,
          "column": 63
        }
      },
      "19": {
        "start": {
          "line": 46,
          "column": 10
        },
        "end": {
          "line": 46,
          "column": 38
        }
      },
      "20": {
        "start": {
          "line": 47,
          "column": 10
        },
        "end": {
          "line": 47,
          "column": 28
        }
      },
      "21": {
        "start": {
          "line": 48,
          "column": 10
        },
        "end": {
          "line": 48,
          "column": 42
        }
      },
      "22": {
        "start": {
          "line": 49,
          "column": 10
        },
        "end": {
          "line": 51,
          "column": 13
        }
      },
      "23": {
        "start": {
          "line": 50,
          "column": 12
        },
        "end": {
          "line": 50,
          "column": 32
        }
      },
      "24": {
        "start": {
          "line": 52,
          "column": 10
        },
        "end": {
          "line": 52,
          "column": 56
        }
      },
      "25": {
        "start": {
          "line": 53,
          "column": 10
        },
        "end": {
          "line": 53,
          "column": 44
        }
      },
      "26": {
        "start": {
          "line": 54,
          "column": 10
        },
        "end": {
          "line": 54,
          "column": 28
        }
      },
      "27": {
        "start": {
          "line": 55,
          "column": 10
        },
        "end": {
          "line": 55,
          "column": 38
        }
      },
      "28": {
        "start": {
          "line": 56,
          "column": 10
        },
        "end": {
          "line": 56,
          "column": 28
        }
      },
      "29": {
        "start": {
          "line": 57,
          "column": 10
        },
        "end": {
          "line": 57,
          "column": 57
        }
      },
      "30": {
        "start": {
          "line": 58,
          "column": 10
        },
        "end": {
          "line": 58,
          "column": 42
        }
      },
      "31": {
        "start": {
          "line": 59,
          "column": 10
        },
        "end": {
          "line": 59,
          "column": 28
        }
      },
      "32": {
        "start": {
          "line": 60,
          "column": 10
        },
        "end": {
          "line": 60,
          "column": 39
        }
      },
      "33": {
        "start": {
          "line": 61,
          "column": 10
        },
        "end": {
          "line": 61,
          "column": 28
        }
      },
      "34": {
        "start": {
          "line": 62,
          "column": 10
        },
        "end": {
          "line": 62,
          "column": 58
        }
      },
      "35": {
        "start": {
          "line": 63,
          "column": 10
        },
        "end": {
          "line": 63,
          "column": 40
        }
      },
      "36": {
        "start": {
          "line": 64,
          "column": 10
        },
        "end": {
          "line": 64,
          "column": 28
        }
      },
      "37": {
        "start": {
          "line": 65,
          "column": 10
        },
        "end": {
          "line": 65,
          "column": 39
        }
      },
      "38": {
        "start": {
          "line": 66,
          "column": 10
        },
        "end": {
          "line": 66,
          "column": 28
        }
      },
      "39": {
        "start": {
          "line": 67,
          "column": 10
        },
        "end": {
          "line": 67,
          "column": 61
        }
      },
      "40": {
        "start": {
          "line": 68,
          "column": 10
        },
        "end": {
          "line": 68,
          "column": 40
        }
      },
      "41": {
        "start": {
          "line": 69,
          "column": 10
        },
        "end": {
          "line": 69,
          "column": 30
        }
      },
      "42": {
        "start": {
          "line": 70,
          "column": 10
        },
        "end": {
          "line": 70,
          "column": 95
        }
      },
      "43": {
        "start": {
          "line": 71,
          "column": 10
        },
        "end": {
          "line": 71,
          "column": 32
        }
      },
      "44": {
        "start": {
          "line": 73,
          "column": 8
        },
        "end": {
          "line": 80,
          "column": 9
        }
      },
      "45": {
        "start": {
          "line": 74,
          "column": 10
        },
        "end": {
          "line": 74,
          "column": 26
        }
      },
      "46": {
        "start": {
          "line": 75,
          "column": 10
        },
        "end": {
          "line": 75,
          "column": 47
        }
      },
      "47": {
        "start": {
          "line": 76,
          "column": 10
        },
        "end": {
          "line": 76,
          "column": 27
        }
      },
      "48": {
        "start": {
          "line": 77,
          "column": 10
        },
        "end": {
          "line": 77,
          "column": 54
        }
      },
      "49": {
        "start": {
          "line": 78,
          "column": 10
        },
        "end": {
          "line": 78,
          "column": 26
        }
      },
      "50": {
        "start": {
          "line": 79,
          "column": 10
        },
        "end": {
          "line": 79,
          "column": 48
        }
      },
      "51": {
        "start": {
          "line": 86,
          "column": 2
        },
        "end": {
          "line": 86,
          "column": 27
        }
      }
    },
    "fnMap": {
      "0": {
        "name": "RegisterComponent_Conditional_20_Template",
        "decl": {
          "start": {
            "line": 8,
            "column": 9
          },
          "end": {
            "line": 8,
            "column": 50
          }
        },
        "loc": {
          "start": {
            "line": 8,
            "column": 60
          },
          "end": {
            "line": 14,
            "column": 1
          }
        },
        "line": 8
      },
      "1": {
        "name": "(anonymous_1)",
        "decl": {
          "start": {
            "line": 15,
            "column": 45
          },
          "end": {
            "line": 15,
            "column": 46
          }
        },
        "loc": {
          "start": {
            "line": 15,
            "column": 51
          },
          "end": {
            "line": 87,
            "column": 1
          }
        },
        "line": 15
      },
      "2": {
        "name": "(anonymous_2)",
        "decl": {
          "start": {
            "line": 28,
            "column": 4
          },
          "end": {
            "line": 28,
            "column": 5
          }
        },
        "loc": {
          "start": {
            "line": 28,
            "column": 13
          },
          "end": {
            "line": 33,
            "column": 5
          }
        },
        "line": 28
      },
      "3": {
        "name": "(anonymous_3)",
        "decl": {
          "start": {
            "line": 30,
            "column": 14
          },
          "end": {
            "line": 30,
            "column": 15
          }
        },
        "loc": {
          "start": {
            "line": 30,
            "column": 20
          },
          "end": {
            "line": 30,
            "column": 52
          }
        },
        "line": 30
      },
      "4": {
        "name": "(anonymous_4)",
        "decl": {
          "start": {
            "line": 31,
            "column": 15
          },
          "end": {
            "line": 31,
            "column": 16
          }
        },
        "loc": {
          "start": {
            "line": 31,
            "column": 20
          },
          "end": {
            "line": 31,
            "column": 37
          }
        },
        "line": 31
      },
      "5": {
        "name": "RegisterComponent_Factory",
        "decl": {
          "start": {
            "line": 34,
            "column": 27
          },
          "end": {
            "line": 34,
            "column": 52
          }
        },
        "loc": {
          "start": {
            "line": 34,
            "column": 72
          },
          "end": {
            "line": 36,
            "column": 5
          }
        },
        "line": 34
      },
      "6": {
        "name": "RegisterComponent_Template",
        "decl": {
          "start": {
            "line": 43,
            "column": 25
          },
          "end": {
            "line": 43,
            "column": 51
          }
        },
        "loc": {
          "start": {
            "line": 43,
            "column": 61
          },
          "end": {
            "line": 81,
            "column": 7
          }
        },
        "line": 43
      },
      "7": {
        "name": "RegisterComponent_Template_form_ngSubmit_4_listener",
        "decl": {
          "start": {
            "line": 49,
            "column": 45
          },
          "end": {
            "line": 49,
            "column": 96
          }
        },
        "loc": {
          "start": {
            "line": 49,
            "column": 99
          },
          "end": {
            "line": 51,
            "column": 11
          }
        },
        "line": 49
      }
    },
    "branchMap": {
      "0": {
        "loc": {
          "start": {
            "line": 9,
            "column": 2
          },
          "end": {
            "line": 13,
            "column": 3
          }
        },
        "type": "if",
        "locations": [
          {
            "start": {
              "line": 9,
              "column": 2
            },
            "end": {
              "line": 13,
              "column": 3
            }
          },
          {
            "start": {
              "line": 9,
              "column": 2
            },
            "end": {
              "line": 13,
              "column": 3
            }
          }
        ],
        "line": 9
      },
      "1": {
        "loc": {
          "start": {
            "line": 35,
            "column": 18
          },
          "end": {
            "line": 35,
            "column": 56
          }
        },
        "type": "binary-expr",
        "locations": [
          {
            "start": {
              "line": 35,
              "column": 18
            },
            "end": {
              "line": 35,
              "column": 35
            }
          },
          {
            "start": {
              "line": 35,
              "column": 39
            },
            "end": {
              "line": 35,
              "column": 56
            }
          }
        ],
        "line": 35
      },
      "2": {
        "loc": {
          "start": {
            "line": 44,
            "column": 8
          },
          "end": {
            "line": 72,
            "column": 9
          }
        },
        "type": "if",
        "locations": [
          {
            "start": {
              "line": 44,
              "column": 8
            },
            "end": {
              "line": 72,
              "column": 9
            }
          },
          {
            "start": {
              "line": 44,
              "column": 8
            },
            "end": {
              "line": 72,
              "column": 9
            }
          }
        ],
        "line": 44
      },
      "3": {
        "loc": {
          "start": {
            "line": 73,
            "column": 8
          },
          "end": {
            "line": 80,
            "column": 9
          }
        },
        "type": "if",
        "locations": [
          {
            "start": {
              "line": 73,
              "column": 8
            },
            "end": {
              "line": 80,
              "column": 9
            }
          },
          {
            "start": {
              "line": 73,
              "column": 8
            },
            "end": {
              "line": 80,
              "column": 9
            }
          }
        ],
        "line": 73
      },
      "4": {
        "loc": {
          "start": {
            "line": 79,
            "column": 27
          },
          "end": {
            "line": 79,
            "column": 46
          }
        },
        "type": "cond-expr",
        "locations": [
          {
            "start": {
              "line": 79,
              "column": 39
            },
            "end": {
              "line": 79,
              "column": 41
            }
          },
          {
            "start": {
              "line": 79,
              "column": 44
            },
            "end": {
              "line": 79,
              "column": 46
            }
          }
        ],
        "line": 79
      }
    },
    "s": {
      "0": 0,
      "1": 0,
      "2": 0,
      "3": 0,
      "4": 43,
      "5": 16,
      "6": 16,
      "7": 16,
      "8": 16,
      "9": 16,
      "10": 16,
      "11": 16,
      "12": 16,
      "13": 0,
      "14": 43,
      "15": 16,
      "16": 43,
      "17": 763,
      "18": 16,
      "19": 16,
      "20": 16,
      "21": 16,
      "22": 16,
      "23": 16,
      "24": 16,
      "25": 16,
      "26": 16,
      "27": 16,
      "28": 16,
      "29": 16,
      "30": 16,
      "31": 16,
      "32": 16,
      "33": 16,
      "34": 16,
      "35": 16,
      "36": 16,
      "37": 16,
      "38": 16,
      "39": 16,
      "40": 16,
      "41": 16,
      "42": 16,
      "43": 16,
      "44": 763,
      "45": 747,
      "46": 747,
      "47": 747,
      "48": 747,
      "49": 747,
      "50": 747,
      "51": 43
    },
    "f": {
      "0": 0,
      "1": 43,
      "2": 16,
      "3": 16,
      "4": 0,
      "5": 16,
      "6": 763,
      "7": 16
    },
    "b": {
      "0": [
        0,
        0
      ],
      "1": [
        16,
        16
      ],
      "2": [
        16,
        747
      ],
      "3": [
        747,
        16
      ],
      "4": [
        0,
        747
      ]
    },
    "_coverageSchema": "1a1c01bbd47fc00a2c39e90264f33305004495a9",
    "hash": "1297213ccc20f8801b7f9cf3597d5ab6a18c0002"
  },
  "C:\\Users\\cizuo\\Desktop\\OC\\Proj4\\Developpez-une-application-full-stack-complete-main\\front\\src\\app\\features\\auth\\components\\login-component\\login-component.ts": {
    "path": "C:\\Users\\cizuo\\Desktop\\OC\\Proj4\\Developpez-une-application-full-stack-complete-main\\front\\src\\app\\features\\auth\\components\\login-component\\login-component.ts",
    "statementMap": {
      "0": {
        "start": {
          "line": 9,
          "column": 2
        },
        "end": {
          "line": 13,
          "column": 3
        }
      },
      "1": {
        "start": {
          "line": 10,
          "column": 4
        },
        "end": {
          "line": 10,
          "column": 34
        }
      },
      "2": {
        "start": {
          "line": 11,
          "column": 4
        },
        "end": {
          "line": 11,
          "column": 44
        }
      },
      "3": {
        "start": {
          "line": 12,
          "column": 4
        },
        "end": {
          "line": 12,
          "column": 22
        }
      },
      "4": {
        "start": {
          "line": 15,
          "column": 41
        },
        "end": {
          "line": 90,
          "column": 4
        }
      },
      "5": {
        "start": {
          "line": 17,
          "column": 9
        },
        "end": {
          "line": 17,
          "column": 28
        }
      },
      "6": {
        "start": {
          "line": 18,
          "column": 18
        },
        "end": {
          "line": 18,
          "column": 37
        }
      },
      "7": {
        "start": {
          "line": 19,
          "column": 21
        },
        "end": {
          "line": 19,
          "column": 43
        }
      },
      "8": {
        "start": {
          "line": 20,
          "column": 13
        },
        "end": {
          "line": 20,
          "column": 27
        }
      },
      "9": {
        "start": {
          "line": 21,
          "column": 12
        },
        "end": {
          "line": 21,
          "column": 17
        }
      },
      "10": {
        "start": {
          "line": 23,
          "column": 11
        },
        "end": {
          "line": 26,
          "column": 6
        }
      },
      "11": {
        "start": {
          "line": 28,
          "column": 27
        },
        "end": {
          "line": 28,
          "column": 42
        }
      },
      "12": {
        "start": {
          "line": 29,
          "column": 6
        },
        "end": {
          "line": 40,
          "column": 9
        }
      },
      "13": {
        "start": {
          "line": 32,
          "column": 10
        },
        "end": {
          "line": 32,
          "column": 56
        }
      },
      "14": {
        "start": {
          "line": 34,
          "column": 10
        },
        "end": {
          "line": 37,
          "column": 13
        }
      },
      "15": {
        "start": {
          "line": 35,
          "column": 12
        },
        "end": {
          "line": 35,
          "column": 44
        }
      },
      "16": {
        "start": {
          "line": 36,
          "column": 12
        },
        "end": {
          "line": 36,
          "column": 48
        }
      },
      "17": {
        "start": {
          "line": 39,
          "column": 20
        },
        "end": {
          "line": 39,
          "column": 37
        }
      },
      "18": {
        "start": {
          "line": 42,
          "column": 18
        },
        "end": {
          "line": 44,
          "column": 5
        }
      },
      "19": {
        "start": {
          "line": 43,
          "column": 6
        },
        "end": {
          "line": 43,
          "column": 57
        }
      },
      "20": {
        "start": {
          "line": 45,
          "column": 31
        },
        "end": {
          "line": 87,
          "column": 6
        }
      },
      "21": {
        "start": {
          "line": 52,
          "column": 8
        },
        "end": {
          "line": 75,
          "column": 9
        }
      },
      "22": {
        "start": {
          "line": 53,
          "column": 10
        },
        "end": {
          "line": 53,
          "column": 63
        }
      },
      "23": {
        "start": {
          "line": 54,
          "column": 10
        },
        "end": {
          "line": 54,
          "column": 39
        }
      },
      "24": {
        "start": {
          "line": 55,
          "column": 10
        },
        "end": {
          "line": 55,
          "column": 28
        }
      },
      "25": {
        "start": {
          "line": 56,
          "column": 10
        },
        "end": {
          "line": 56,
          "column": 42
        }
      },
      "26": {
        "start": {
          "line": 57,
          "column": 10
        },
        "end": {
          "line": 59,
          "column": 13
        }
      },
      "27": {
        "start": {
          "line": 58,
          "column": 12
        },
        "end": {
          "line": 58,
          "column": 32
        }
      },
      "28": {
        "start": {
          "line": 60,
          "column": 10
        },
        "end": {
          "line": 60,
          "column": 56
        }
      },
      "29": {
        "start": {
          "line": 61,
          "column": 10
        },
        "end": {
          "line": 61,
          "column": 54
        }
      },
      "30": {
        "start": {
          "line": 62,
          "column": 10
        },
        "end": {
          "line": 62,
          "column": 28
        }
      },
      "31": {
        "start": {
          "line": 63,
          "column": 10
        },
        "end": {
          "line": 63,
          "column": 38
        }
      },
      "32": {
        "start": {
          "line": 64,
          "column": 10
        },
        "end": {
          "line": 64,
          "column": 28
        }
      },
      "33": {
        "start": {
          "line": 65,
          "column": 10
        },
        "end": {
          "line": 65,
          "column": 57
        }
      },
      "34": {
        "start": {
          "line": 66,
          "column": 10
        },
        "end": {
          "line": 66,
          "column": 40
        }
      },
      "35": {
        "start": {
          "line": 67,
          "column": 10
        },
        "end": {
          "line": 67,
          "column": 28
        }
      },
      "36": {
        "start": {
          "line": 68,
          "column": 10
        },
        "end": {
          "line": 68,
          "column": 39
        }
      },
      "37": {
        "start": {
          "line": 69,
          "column": 10
        },
        "end": {
          "line": 69,
          "column": 28
        }
      },
      "38": {
        "start": {
          "line": 70,
          "column": 10
        },
        "end": {
          "line": 70,
          "column": 59
        }
      },
      "39": {
        "start": {
          "line": 71,
          "column": 10
        },
        "end": {
          "line": 71,
          "column": 40
        }
      },
      "40": {
        "start": {
          "line": 72,
          "column": 10
        },
        "end": {
          "line": 72,
          "column": 30
        }
      },
      "41": {
        "start": {
          "line": 73,
          "column": 10
        },
        "end": {
          "line": 73,
          "column": 92
        }
      },
      "42": {
        "start": {
          "line": 74,
          "column": 10
        },
        "end": {
          "line": 74,
          "column": 32
        }
      },
      "43": {
        "start": {
          "line": 76,
          "column": 8
        },
        "end": {
          "line": 83,
          "column": 9
        }
      },
      "44": {
        "start": {
          "line": 77,
          "column": 10
        },
        "end": {
          "line": 77,
          "column": 26
        }
      },
      "45": {
        "start": {
          "line": 78,
          "column": 10
        },
        "end": {
          "line": 78,
          "column": 47
        }
      },
      "46": {
        "start": {
          "line": 79,
          "column": 10
        },
        "end": {
          "line": 79,
          "column": 27
        }
      },
      "47": {
        "start": {
          "line": 80,
          "column": 10
        },
        "end": {
          "line": 80,
          "column": 54
        }
      },
      "48": {
        "start": {
          "line": 81,
          "column": 10
        },
        "end": {
          "line": 81,
          "column": 26
        }
      },
      "49": {
        "start": {
          "line": 82,
          "column": 10
        },
        "end": {
          "line": 82,
          "column": 48
        }
      },
      "50": {
        "start": {
          "line": 89,
          "column": 2
        },
        "end": {
          "line": 89,
          "column": 24
        }
      }
    },
    "fnMap": {
      "0": {
        "name": "LoginComponent_Conditional_16_Template",
        "decl": {
          "start": {
            "line": 8,
            "column": 9
          },
          "end": {
            "line": 8,
            "column": 47
          }
        },
        "loc": {
          "start": {
            "line": 8,
            "column": 57
          },
          "end": {
            "line": 14,
            "column": 1
          }
        },
        "line": 8
      },
      "1": {
        "name": "(anonymous_1)",
        "decl": {
          "start": {
            "line": 15,
            "column": 42
          },
          "end": {
            "line": 15,
            "column": 43
          }
        },
        "loc": {
          "start": {
            "line": 15,
            "column": 48
          },
          "end": {
            "line": 90,
            "column": 1
          }
        },
        "line": 15
      },
      "2": {
        "name": "(anonymous_2)",
        "decl": {
          "start": {
            "line": 27,
            "column": 4
          },
          "end": {
            "line": 27,
            "column": 5
          }
        },
        "loc": {
          "start": {
            "line": 27,
            "column": 13
          },
          "end": {
            "line": 41,
            "column": 5
          }
        },
        "line": 27
      },
      "3": {
        "name": "(anonymous_3)",
        "decl": {
          "start": {
            "line": 30,
            "column": 14
          },
          "end": {
            "line": 30,
            "column": 15
          }
        },
        "loc": {
          "start": {
            "line": 30,
            "column": 26
          },
          "end": {
            "line": 38,
            "column": 9
          }
        },
        "line": 30
      },
      "4": {
        "name": "(anonymous_4)",
        "decl": {
          "start": {
            "line": 34,
            "column": 42
          },
          "end": {
            "line": 34,
            "column": 43
          }
        },
        "loc": {
          "start": {
            "line": 34,
            "column": 50
          },
          "end": {
            "line": 37,
            "column": 11
          }
        },
        "line": 34
      },
      "5": {
        "name": "(anonymous_5)",
        "decl": {
          "start": {
            "line": 39,
            "column": 15
          },
          "end": {
            "line": 39,
            "column": 16
          }
        },
        "loc": {
          "start": {
            "line": 39,
            "column": 20
          },
          "end": {
            "line": 39,
            "column": 37
          }
        },
        "line": 39
      },
      "6": {
        "name": "LoginComponent_Factory",
        "decl": {
          "start": {
            "line": 42,
            "column": 27
          },
          "end": {
            "line": 42,
            "column": 49
          }
        },
        "loc": {
          "start": {
            "line": 42,
            "column": 69
          },
          "end": {
            "line": 44,
            "column": 5
          }
        },
        "line": 42
      },
      "7": {
        "name": "LoginComponent_Template",
        "decl": {
          "start": {
            "line": 51,
            "column": 25
          },
          "end": {
            "line": 51,
            "column": 48
          }
        },
        "loc": {
          "start": {
            "line": 51,
            "column": 58
          },
          "end": {
            "line": 84,
            "column": 7
          }
        },
        "line": 51
      },
      "8": {
        "name": "LoginComponent_Template_form_ngSubmit_4_listener",
        "decl": {
          "start": {
            "line": 57,
            "column": 45
          },
          "end": {
            "line": 57,
            "column": 93
          }
        },
        "loc": {
          "start": {
            "line": 57,
            "column": 96
          },
          "end": {
            "line": 59,
            "column": 11
          }
        },
        "line": 57
      }
    },
    "branchMap": {
      "0": {
        "loc": {
          "start": {
            "line": 9,
            "column": 2
          },
          "end": {
            "line": 13,
            "column": 3
          }
        },
        "type": "if",
        "locations": [
          {
            "start": {
              "line": 9,
              "column": 2
            },
            "end": {
              "line": 13,
              "column": 3
            }
          },
          {
            "start": {
              "line": 9,
              "column": 2
            },
            "end": {
              "line": 13,
              "column": 3
            }
          }
        ],
        "line": 9
      },
      "1": {
        "loc": {
          "start": {
            "line": 43,
            "column": 18
          },
          "end": {
            "line": 43,
            "column": 53
          }
        },
        "type": "binary-expr",
        "locations": [
          {
            "start": {
              "line": 43,
              "column": 18
            },
            "end": {
              "line": 43,
              "column": 35
            }
          },
          {
            "start": {
              "line": 43,
              "column": 39
            },
            "end": {
              "line": 43,
              "column": 53
            }
          }
        ],
        "line": 43
      },
      "2": {
        "loc": {
          "start": {
            "line": 52,
            "column": 8
          },
          "end": {
            "line": 75,
            "column": 9
          }
        },
        "type": "if",
        "locations": [
          {
            "start": {
              "line": 52,
              "column": 8
            },
            "end": {
              "line": 75,
              "column": 9
            }
          },
          {
            "start": {
              "line": 52,
              "column": 8
            },
            "end": {
              "line": 75,
              "column": 9
            }
          }
        ],
        "line": 52
      },
      "3": {
        "loc": {
          "start": {
            "line": 76,
            "column": 8
          },
          "end": {
            "line": 83,
            "column": 9
          }
        },
        "type": "if",
        "locations": [
          {
            "start": {
              "line": 76,
              "column": 8
            },
            "end": {
              "line": 83,
              "column": 9
            }
          },
          {
            "start": {
              "line": 76,
              "column": 8
            },
            "end": {
              "line": 83,
              "column": 9
            }
          }
        ],
        "line": 76
      },
      "4": {
        "loc": {
          "start": {
            "line": 82,
            "column": 27
          },
          "end": {
            "line": 82,
            "column": 46
          }
        },
        "type": "cond-expr",
        "locations": [
          {
            "start": {
              "line": 82,
              "column": 39
            },
            "end": {
              "line": 82,
              "column": 41
            }
          },
          {
            "start": {
              "line": 82,
              "column": 44
            },
            "end": {
              "line": 82,
              "column": 46
            }
          }
        ],
        "line": 82
      }
    },
    "s": {
      "0": 0,
      "1": 0,
      "2": 0,
      "3": 0,
      "4": 43,
      "5": 33,
      "6": 33,
      "7": 33,
      "8": 33,
      "9": 33,
      "10": 33,
      "11": 17,
      "12": 17,
      "13": 17,
      "14": 17,
      "15": 16,
      "16": 16,
      "17": 0,
      "18": 43,
      "19": 33,
      "20": 43,
      "21": 666,
      "22": 33,
      "23": 33,
      "24": 33,
      "25": 33,
      "26": 33,
      "27": 17,
      "28": 33,
      "29": 33,
      "30": 33,
      "31": 33,
      "32": 33,
      "33": 33,
      "34": 33,
      "35": 33,
      "36": 33,
      "37": 33,
      "38": 33,
      "39": 33,
      "40": 33,
      "41": 33,
      "42": 33,
      "43": 666,
      "44": 633,
      "45": 633,
      "46": 633,
      "47": 633,
      "48": 633,
      "49": 633,
      "50": 43
    },
    "f": {
      "0": 0,
      "1": 43,
      "2": 17,
      "3": 17,
      "4": 16,
      "5": 0,
      "6": 33,
      "7": 666,
      "8": 17
    },
    "b": {
      "0": [
        0,
        0
      ],
      "1": [
        33,
        33
      ],
      "2": [
        33,
        633
      ],
      "3": [
        633,
        33
      ],
      "4": [
        0,
        633
      ]
    },
    "_coverageSchema": "1a1c01bbd47fc00a2c39e90264f33305004495a9",
    "hash": "e03a54920b5461b9a48f7f2237f15bfc32ca7af6"
  },
  "C:\\Users\\cizuo\\Desktop\\OC\\Proj4\\Developpez-une-application-full-stack-complete-main\\front\\src\\app\\core\\services\\post-service.ts": {
    "path": "C:\\Users\\cizuo\\Desktop\\OC\\Proj4\\Developpez-une-application-full-stack-complete-main\\front\\src\\app\\core\\services\\post-service.ts",
    "statementMap": {
      "0": {
        "start": {
          "line": 5,
          "column": 38
        },
        "end": {
          "line": 55,
          "column": 4
        }
      },
      "1": {
        "start": {
          "line": 7,
          "column": 11
        },
        "end": {
          "line": 7,
          "column": 29
        }
      },
      "2": {
        "start": {
          "line": 13,
          "column": 6
        },
        "end": {
          "line": 13,
          "column": 72
        }
      },
      "3": {
        "start": {
          "line": 19,
          "column": 6
        },
        "end": {
          "line": 19,
          "column": 49
        }
      },
      "4": {
        "start": {
          "line": 25,
          "column": 6
        },
        "end": {
          "line": 25,
          "column": 60
        }
      },
      "5": {
        "start": {
          "line": 31,
          "column": 6
        },
        "end": {
          "line": 31,
          "column": 56
        }
      },
      "6": {
        "start": {
          "line": 37,
          "column": 6
        },
        "end": {
          "line": 37,
          "column": 66
        }
      },
      "7": {
        "start": {
          "line": 43,
          "column": 6
        },
        "end": {
          "line": 43,
          "column": 63
        }
      },
      "8": {
        "start": {
          "line": 45,
          "column": 18
        },
        "end": {
          "line": 47,
          "column": 5
        }
      },
      "9": {
        "start": {
          "line": 46,
          "column": 6
        },
        "end": {
          "line": 46,
          "column": 54
        }
      },
      "10": {
        "start": {
          "line": 48,
          "column": 32
        },
        "end": {
          "line": 52,
          "column": 6
        }
      },
      "11": {
        "start": {
          "line": 54,
          "column": 2
        },
        "end": {
          "line": 54,
          "column": 21
        }
      }
    },
    "fnMap": {
      "0": {
        "name": "(anonymous_0)",
        "decl": {
          "start": {
            "line": 5,
            "column": 39
          },
          "end": {
            "line": 5,
            "column": 40
          }
        },
        "loc": {
          "start": {
            "line": 5,
            "column": 45
          },
          "end": {
            "line": 55,
            "column": 1
          }
        },
        "line": 5
      },
      "1": {
        "name": "(anonymous_1)",
        "decl": {
          "start": {
            "line": 12,
            "column": 4
          },
          "end": {
            "line": 12,
            "column": 5
          }
        },
        "loc": {
          "start": {
            "line": 12,
            "column": 27
          },
          "end": {
            "line": 14,
            "column": 5
          }
        },
        "line": 12
      },
      "2": {
        "name": "(anonymous_2)",
        "decl": {
          "start": {
            "line": 18,
            "column": 4
          },
          "end": {
            "line": 18,
            "column": 5
          }
        },
        "loc": {
          "start": {
            "line": 18,
            "column": 13
          },
          "end": {
            "line": 20,
            "column": 5
          }
        },
        "line": 18
      },
      "3": {
        "name": "(anonymous_3)",
        "decl": {
          "start": {
            "line": 24,
            "column": 4
          },
          "end": {
            "line": 24,
            "column": 5
          }
        },
        "loc": {
          "start": {
            "line": 24,
            "column": 16
          },
          "end": {
            "line": 26,
            "column": 5
          }
        },
        "line": 24
      },
      "4": {
        "name": "(anonymous_4)",
        "decl": {
          "start": {
            "line": 30,
            "column": 4
          },
          "end": {
            "line": 30,
            "column": 5
          }
        },
        "loc": {
          "start": {
            "line": 30,
            "column": 17
          },
          "end": {
            "line": 32,
            "column": 5
          }
        },
        "line": 30
      },
      "5": {
        "name": "(anonymous_5)",
        "decl": {
          "start": {
            "line": 36,
            "column": 4
          },
          "end": {
            "line": 36,
            "column": 5
          }
        },
        "loc": {
          "start": {
            "line": 36,
            "column": 21
          },
          "end": {
            "line": 38,
            "column": 5
          }
        },
        "line": 36
      },
      "6": {
        "name": "(anonymous_6)",
        "decl": {
          "start": {
            "line": 42,
            "column": 4
          },
          "end": {
            "line": 42,
            "column": 5
          }
        },
        "loc": {
          "start": {
            "line": 42,
            "column": 15
          },
          "end": {
            "line": 44,
            "column": 5
          }
        },
        "line": 42
      },
      "7": {
        "name": "PostService_Factory",
        "decl": {
          "start": {
            "line": 45,
            "column": 27
          },
          "end": {
            "line": 45,
            "column": 46
          }
        },
        "loc": {
          "start": {
            "line": 45,
            "column": 66
          },
          "end": {
            "line": 47,
            "column": 5
          }
        },
        "line": 45
      }
    },
    "branchMap": {
      "0": {
        "loc": {
          "start": {
            "line": 12,
            "column": 12
          },
          "end": {
            "line": 12,
            "column": 25
          }
        },
        "type": "default-arg",
        "locations": [
          {
            "start": {
              "line": 12,
              "column": 19
            },
            "end": {
              "line": 12,
              "column": 25
            }
          }
        ],
        "line": 12
      },
      "1": {
        "loc": {
          "start": {
            "line": 46,
            "column": 18
          },
          "end": {
            "line": 46,
            "column": 50
          }
        },
        "type": "binary-expr",
        "locations": [
          {
            "start": {
              "line": 46,
              "column": 18
            },
            "end": {
              "line": 46,
              "column": 35
            }
          },
          {
            "start": {
              "line": 46,
              "column": 39
            },
            "end": {
              "line": 46,
              "column": 50
            }
          }
        ],
        "line": 46
      }
    },
    "s": {
      "0": 43,
      "1": 21,
      "2": 22,
      "3": 0,
      "4": 4,
      "5": 1,
      "6": 0,
      "7": 0,
      "8": 43,
      "9": 21,
      "10": 43,
      "11": 43
    },
    "f": {
      "0": 43,
      "1": 22,
      "2": 0,
      "3": 4,
      "4": 1,
      "5": 0,
      "6": 0,
      "7": 21
    },
    "b": {
      "0": [
        0
      ],
      "1": [
        21,
        21
      ]
    },
    "_coverageSchema": "1a1c01bbd47fc00a2c39e90264f33305004495a9",
    "hash": "7a7186ae0811a14af9855afab8df03c711dacd0a"
  },
  "C:\\Users\\cizuo\\Desktop\\OC\\Proj4\\Developpez-une-application-full-stack-complete-main\\front\\src\\app\\features\\posts\\components\\post-list-component\\post-list-component.ts": {
    "path": "C:\\Users\\cizuo\\Desktop\\OC\\Proj4\\Developpez-une-application-full-stack-complete-main\\front\\src\\app\\features\\posts\\components\\post-list-component\\post-list-component.ts",
    "statementMap": {
      "0": {
        "start": {
          "line": 7,
          "column": 12
        },
        "end": {
          "line": 7,
          "column": 28
        }
      },
      "1": {
        "start": {
          "line": 7,
          "column": 18
        },
        "end": {
          "line": 7,
          "column": 28
        }
      },
      "2": {
        "start": {
          "line": 8,
          "column": 12
        },
        "end": {
          "line": 8,
          "column": 22
        }
      },
      "3": {
        "start": {
          "line": 8,
          "column": 18
        },
        "end": {
          "line": 8,
          "column": 22
        }
      },
      "4": {
        "start": {
          "line": 9,
          "column": 19
        },
        "end": {
          "line": 9,
          "column": 46
        }
      },
      "5": {
        "start": {
          "line": 9,
          "column": 38
        },
        "end": {
          "line": 9,
          "column": 46
        }
      },
      "6": {
        "start": {
          "line": 11,
          "column": 2
        },
        "end": {
          "line": 13,
          "column": 3
        }
      },
      "7": {
        "start": {
          "line": 12,
          "column": 4
        },
        "end": {
          "line": 12,
          "column": 29
        }
      },
      "8": {
        "start": {
          "line": 16,
          "column": 2
        },
        "end": {
          "line": 18,
          "column": 3
        }
      },
      "9": {
        "start": {
          "line": 17,
          "column": 4
        },
        "end": {
          "line": 17,
          "column": 29
        }
      },
      "10": {
        "start": {
          "line": 21,
          "column": 2
        },
        "end": {
          "line": 35,
          "column": 3
        }
      },
      "11": {
        "start": {
          "line": 22,
          "column": 4
        },
        "end": {
          "line": 22,
          "column": 47
        }
      },
      "12": {
        "start": {
          "line": 23,
          "column": 4
        },
        "end": {
          "line": 23,
          "column": 17
        }
      },
      "13": {
        "start": {
          "line": 24,
          "column": 4
        },
        "end": {
          "line": 24,
          "column": 22
        }
      },
      "14": {
        "start": {
          "line": 25,
          "column": 4
        },
        "end": {
          "line": 25,
          "column": 50
        }
      },
      "15": {
        "start": {
          "line": 26,
          "column": 4
        },
        "end": {
          "line": 26,
          "column": 17
        }
      },
      "16": {
        "start": {
          "line": 27,
          "column": 4
        },
        "end": {
          "line": 27,
          "column": 25
        }
      },
      "17": {
        "start": {
          "line": 28,
          "column": 4
        },
        "end": {
          "line": 28,
          "column": 22
        }
      },
      "18": {
        "start": {
          "line": 29,
          "column": 4
        },
        "end": {
          "line": 29,
          "column": 37
        }
      },
      "19": {
        "start": {
          "line": 30,
          "column": 4
        },
        "end": {
          "line": 30,
          "column": 17
        }
      },
      "20": {
        "start": {
          "line": 31,
          "column": 4
        },
        "end": {
          "line": 31,
          "column": 24
        }
      },
      "21": {
        "start": {
          "line": 32,
          "column": 4
        },
        "end": {
          "line": 32,
          "column": 34
        }
      },
      "22": {
        "start": {
          "line": 33,
          "column": 4
        },
        "end": {
          "line": 33,
          "column": 18
        }
      },
      "23": {
        "start": {
          "line": 34,
          "column": 4
        },
        "end": {
          "line": 34,
          "column": 24
        }
      },
      "24": {
        "start": {
          "line": 36,
          "column": 2
        },
        "end": {
          "line": 47,
          "column": 3
        }
      },
      "25": {
        "start": {
          "line": 37,
          "column": 20
        },
        "end": {
          "line": 37,
          "column": 33
        }
      },
      "26": {
        "start": {
          "line": 38,
          "column": 4
        },
        "end": {
          "line": 38,
          "column": 72
        }
      },
      "27": {
        "start": {
          "line": 39,
          "column": 4
        },
        "end": {
          "line": 39,
          "column": 20
        }
      },
      "28": {
        "start": {
          "line": 40,
          "column": 4
        },
        "end": {
          "line": 40,
          "column": 40
        }
      },
      "29": {
        "start": {
          "line": 41,
          "column": 4
        },
        "end": {
          "line": 41,
          "column": 20
        }
      },
      "30": {
        "start": {
          "line": 42,
          "column": 4
        },
        "end": {
          "line": 42,
          "column": 80
        }
      },
      "31": {
        "start": {
          "line": 43,
          "column": 4
        },
        "end": {
          "line": 43,
          "column": 20
        }
      },
      "32": {
        "start": {
          "line": 44,
          "column": 4
        },
        "end": {
          "line": 44,
          "column": 43
        }
      },
      "33": {
        "start": {
          "line": 45,
          "column": 4
        },
        "end": {
          "line": 45,
          "column": 20
        }
      },
      "34": {
        "start": {
          "line": 46,
          "column": 4
        },
        "end": {
          "line": 46,
          "column": 42
        }
      },
      "35": {
        "start": {
          "line": 50,
          "column": 2
        },
        "end": {
          "line": 54,
          "column": 3
        }
      },
      "36": {
        "start": {
          "line": 51,
          "column": 4
        },
        "end": {
          "line": 51,
          "column": 33
        }
      },
      "37": {
        "start": {
          "line": 52,
          "column": 4
        },
        "end": {
          "line": 52,
          "column": 89
        }
      },
      "38": {
        "start": {
          "line": 53,
          "column": 4
        },
        "end": {
          "line": 53,
          "column": 22
        }
      },
      "39": {
        "start": {
          "line": 56,
          "column": 44
        },
        "end": {
          "line": 115,
          "column": 4
        }
      },
      "40": {
        "start": {
          "line": 58,
          "column": 18
        },
        "end": {
          "line": 58,
          "column": 37
        }
      },
      "41": {
        "start": {
          "line": 59,
          "column": 12
        },
        "end": {
          "line": 59,
          "column": 14
        }
      },
      "42": {
        "start": {
          "line": 60,
          "column": 20
        },
        "end": {
          "line": 60,
          "column": 26
        }
      },
      "43": {
        "start": {
          "line": 62,
          "column": 6
        },
        "end": {
          "line": 62,
          "column": 23
        }
      },
      "44": {
        "start": {
          "line": 65,
          "column": 6
        },
        "end": {
          "line": 65,
          "column": 88
        }
      },
      "45": {
        "start": {
          "line": 65,
          "column": 69
        },
        "end": {
          "line": 65,
          "column": 86
        }
      },
      "46": {
        "start": {
          "line": 68,
          "column": 6
        },
        "end": {
          "line": 72,
          "column": 7
        }
      },
      "47": {
        "start": {
          "line": 69,
          "column": 8
        },
        "end": {
          "line": 69,
          "column": 36
        }
      },
      "48": {
        "start": {
          "line": 71,
          "column": 8
        },
        "end": {
          "line": 71,
          "column": 35
        }
      },
      "49": {
        "start": {
          "line": 73,
          "column": 6
        },
        "end": {
          "line": 73,
          "column": 23
        }
      },
      "50": {
        "start": {
          "line": 75,
          "column": 18
        },
        "end": {
          "line": 77,
          "column": 5
        }
      },
      "51": {
        "start": {
          "line": 76,
          "column": 6
        },
        "end": {
          "line": 76,
          "column": 60
        }
      },
      "52": {
        "start": {
          "line": 78,
          "column": 31
        },
        "end": {
          "line": 112,
          "column": 6
        }
      },
      "53": {
        "start": {
          "line": 85,
          "column": 8
        },
        "end": {
          "line": 100,
          "column": 9
        }
      },
      "54": {
        "start": {
          "line": 86,
          "column": 10
        },
        "end": {
          "line": 86,
          "column": 70
        }
      },
      "55": {
        "start": {
          "line": 87,
          "column": 10
        },
        "end": {
          "line": 87,
          "column": 50
        }
      },
      "56": {
        "start": {
          "line": 88,
          "column": 10
        },
        "end": {
          "line": 88,
          "column": 28
        }
      },
      "57": {
        "start": {
          "line": 89,
          "column": 10
        },
        "end": {
          "line": 89,
          "column": 41
        }
      },
      "58": {
        "start": {
          "line": 90,
          "column": 10
[...]
      "11": 0,
      "12": 0,
      "13": 0
    },
    "b": {
      "0": [
        0,
        0
      ],
      "1": [
        26,
        26
      ],
      "2": [
        26,
        1041
      ],
      "3": [
        1041,
        26
      ],
      "4": [
        0,
        1041
      ]
    },
    "_coverageSchema": "1a1c01bbd47fc00a2c39e90264f33305004495a9",
    "hash": "41c82b24c81031fb10b2458c88274b19662452b2"
  },
  "C:\\Users\\cizuo\\Desktop\\OC\\Proj4\\Developpez-une-application-full-stack-complete-main\\front\\src\\app\\core\\gards\\auth.guard.ts": {
    "path": "C:\\Users\\cizuo\\Desktop\\OC\\Proj4\\Developpez-une-application-full-stack-complete-main\\front\\src\\app\\core\\gards\\auth.guard.ts",
    "statementMap": {
      "0": {
        "start": {
          "line": 4,
          "column": 25
        },
        "end": {
          "line": 21,
          "column": 1
        }
      },
      "1": {
        "start": {
          "line": 5,
          "column": 25
        },
        "end": {
          "line": 5,
          "column": 47
        }
      },
      "2": {
        "start": {
          "line": 6,
          "column": 17
        },
        "end": {
          "line": 6,
          "column": 31
        }
      },
      "3": {
        "start": {
          "line": 8,
          "column": 2
        },
        "end": {
          "line": 10,
          "column": 3
        }
      },
      "4": {
        "start": {
          "line": 9,
          "column": 4
        },
        "end": {
          "line": 9,
          "column": 16
        }
      },
      "5": {
        "start": {
          "line": 12,
          "column": 16
        },
        "end": {
          "line": 12,
          "column": 45
        }
      },
      "6": {
        "start": {
          "line": 13,
          "column": 2
        },
        "end": {
          "line": 17,
          "column": 3
        }
      },
      "7": {
        "start": {
          "line": 16,
          "column": 4
        },
        "end": {
          "line": 16,
          "column": 16
        }
      },
      "8": {
        "start": {
          "line": 19,
          "column": 2
        },
        "end": {
          "line": 19,
          "column": 24
        }
      },
      "9": {
        "start": {
          "line": 20,
          "column": 2
        },
        "end": {
          "line": 20,
          "column": 15
        }
      }
    },
    "fnMap": {
      "0": {
        "name": "(anonymous_0)",
        "decl": {
          "start": {
            "line": 4,
            "column": 25
          },
          "end": {
            "line": 4,
            "column": 26
          }
        },
        "loc": {
          "start": {
            "line": 4,
            "column": 31
          },
          "end": {
            "line": 21,
            "column": 1
          }
        },
        "line": 4
      }
    },
    "branchMap": {
      "0": {
        "loc": {
          "start": {
            "line": 8,
            "column": 2
          },
          "end": {
            "line": 10,
            "column": 3
          }
        },
        "type": "if",
        "locations": [
          {
            "start": {
              "line": 8,
              "column": 2
            },
            "end": {
              "line": 10,
              "column": 3
            }
          },
          {
            "start": {
              "line": 8,
              "column": 2
            },
            "end": {
              "line": 10,
              "column": 3
            }
          }
        ],
        "line": 8
      },
      "1": {
        "loc": {
          "start": {
            "line": 13,
            "column": 2
          },
          "end": {
            "line": 17,
            "column": 3
          }
        },
        "type": "if",
        "locations": [
          {
            "start": {
              "line": 13,
              "column": 2
            },
            "end": {
              "line": 17,
              "column": 3
            }
          },
          {
            "start": {
              "line": 13,
              "column": 2
            },
            "end": {
              "line": 17,
              "column": 3
            }
          }
        ],
        "line": 13
      }
    },
    "s": {
      "0": 43,
      "1": 26,
      "2": 26,
      "3": 26,
      "4": 16,
      "5": 10,
      "6": 10,
      "7": 10,
      "8": 0,
      "9": 0
    },
    "f": {
      "0": 26
    },
    "b": {
      "0": [
        16,
        10
      ],
      "1": [
        10,
        0
      ]
    },
    "_coverageSchema": "1a1c01bbd47fc00a2c39e90264f33305004495a9",
    "hash": "4f41b86b3554de8488bd45ef3f7a10c403beb0e6"
  },
  "C:\\Users\\cizuo\\Desktop\\OC\\Proj4\\Developpez-une-application-full-stack-complete-main\\front\\src\\app\\features\\accueil\\components\\accueil-component\\accueil-component.ts": {
    "path": "C:\\Users\\cizuo\\Desktop\\OC\\Proj4\\Developpez-une-application-full-stack-complete-main\\front\\src\\app\\features\\accueil\\components\\accueil-component\\accueil-component.ts",
    "statementMap": {
      "0": {
        "start": {
          "line": 5,
          "column": 43
        },
        "end": {
          "line": 44,
          "column": 4
        }
      },
      "1": {
        "start": {
          "line": 7,
          "column": 21
        },
        "end": {
          "line": 7,
          "column": 43
        }
      },
      "2": {
        "start": {
          "line": 8,
          "column": 13
        },
        "end": {
          "line": 8,
          "column": 27
        }
      },
      "3": {
        "start": {
          "line": 11,
          "column": 6
        },
        "end": {
          "line": 15,
          "column": 9
        }
      },
      "4": {
        "start": {
          "line": 12,
          "column": 8
        },
        "end": {
          "line": 14,
          "column": 9
        }
      },
      "5": {
        "start": {
          "line": 13,
          "column": 10
        },
        "end": {
          "line": 13,
          "column": 46
        }
      },
      "6": {
        "start": {
          "line": 17,
          "column": 18
        },
        "end": {
          "line": 19,
          "column": 5
        }
      },
      "7": {
        "start": {
          "line": 18,
          "column": 6
        },
        "end": {
          "line": 18,
          "column": 59
        }
      },
      "8": {
        "start": {
          "line": 20,
          "column": 31
        },
        "end": {
          "line": 41,
          "column": 6
        }
      },
      "9": {
        "start": {
          "line": 27,
          "column": 8
        },
        "end": {
          "line": 37,
          "column": 9
        }
      },
      "10": {
        "start": {
          "line": 28,
          "column": 10
        },
        "end": {
          "line": 28,
          "column": 54
        }
      },
      "11": {
        "start": {
          "line": 29,
          "column": 10
        },
        "end": {
          "line": 29,
          "column": 36
        }
      },
      "12": {
        "start": {
          "line": 30,
          "column": 10
        },
        "end": {
          "line": 30,
          "column": 28
        }
      },
      "13": {
        "start": {
          "line": 31,
          "column": 10
        },
        "end": {
          "line": 31,
          "column": 70
        }
      },
      "14": {
        "start": {
          "line": 32,
          "column": 10
        },
        "end": {
          "line": 32,
          "column": 39
        }
      },
      "15": {
        "start": {
          "line": 33,
          "column": 10
        },
        "end": {
          "line": 33,
          "column": 30
        }
      },
      "16": {
        "start": {
          "line": 34,
          "column": 10
        },
        "end": {
          "line": 34,
          "column": 57
        }
      },
      "17": {
        "start": {
          "line": 35,
          "column": 10
        },
        "end": {
          "line": 35,
          "column": 37
        }
      },
      "18": {
        "start": {
          "line": 36,
          "column": 10
        },
        "end": {
          "line": 36,
          "column": 34
        }
      },
      "19": {
        "start": {
          "line": 43,
          "column": 2
        },
        "end": {
          "line": 43,
          "column": 26
        }
      }
    },
    "fnMap": {
      "0": {
        "name": "(anonymous_0)",
        "decl": {
          "start": {
            "line": 5,
            "column": 44
          },
          "end": {
            "line": 5,
            "column": 45
          }
        },
        "loc": {
          "start": {
            "line": 5,
            "column": 50
          },
          "end": {
            "line": 44,
            "column": 1
          }
        },
        "line": 5
      },
      "1": {
        "name": "(anonymous_1)",
        "decl": {
          "start": {
            "line": 9,
            "column": 4
          },
          "end": {
            "line": 9,
            "column": 5
          }
        },
        "loc": {
          "start": {
            "line": 9,
            "column": 15
          },
          "end": {
            "line": 16,
            "column": 5
          }
        },
        "line": 9
      },
      "2": {
        "name": "(anonymous_2)",
        "decl": {
          "start": {
            "line": 11,
            "column": 48
          },
          "end": {
            "line": 11,
            "column": 49
          }
        },
        "loc": {
          "start": {
            "line": 11,
            "column": 58
          },
          "end": {
            "line": 15,
            "column": 7
          }
        },
        "line": 11
      },
      "3": {
        "name": "AccueilComponent_Factory",
        "decl": {
          "start": {
            "line": 17,
            "column": 27
          },
          "end": {
            "line": 17,
            "column": 51
          }
        },
        "loc": {
          "start": {
            "line": 17,
            "column": 71
          },
          "end": {
            "line": 19,
            "column": 5
          }
        },
        "line": 17
      },
      "4": {
        "name": "AccueilComponent_Template",
        "decl": {
          "start": {
            "line": 26,
            "column": 25
          },
          "end": {
            "line": 26,
            "column": 50
          }
        },
        "loc": {
          "start": {
            "line": 26,
            "column": 60
          },
          "end": {
            "line": 38,
            "column": 7
          }
        },
        "line": 26
      }
    },
    "branchMap": {
      "0": {
        "loc": {
          "start": {
            "line": 12,
            "column": 8
          },
          "end": {
            "line": 14,
            "column": 9
          }
        },
        "type": "if",
        "locations": [
          {
            "start": {
              "line": 12,
              "column": 8
            },
            "end": {
              "line": 14,
              "column": 9
            }
          },
          {
            "start": {
              "line": 12,
              "column": 8
            },
            "end": {
              "line": 14,
              "column": 9
            }
          }
        ],
        "line": 12
      },
      "1": {
        "loc": {
          "start": {
            "line": 18,
            "column": 18
          },
          "end": {
            "line": 18,
            "column": 55
          }
        },
        "type": "binary-expr",
        "locations": [
          {
            "start": {
              "line": 18,
              "column": 18
            },
            "end": {
              "line": 18,
              "column": 35
            }
          },
          {
            "start": {
              "line": 18,
              "column": 39
            },
            "end": {
              "line": 18,
              "column": 55
            }
          }
        ],
        "line": 18
      },
      "2": {
        "loc": {
          "start": {
            "line": 27,
            "column": 8
          },
          "end": {
            "line": 37,
            "column": 9
          }
        },
        "type": "if",
        "locations": [
          {
            "start": {
              "line": 27,
              "column": 8
            },
            "end": {
              "line": 37,
              "column": 9
            }
          },
          {
            "start": {
              "line": 27,
              "column": 8
            },
            "end": {
              "line": 37,
              "column": 9
            }
          }
        ],
        "line": 27
      }
    },
    "s": {
      "0": 43,
      "1": 0,
      "2": 0,
      "3": 0,
      "4": 0,
      "5": 0,
      "6": 43,
      "7": 0,
      "8": 43,
      "9": 0,
      "10": 0,
      "11": 0,
      "12": 0,
      "13": 0,
      "14": 0,
      "15": 0,
      "16": 0,
      "17": 0,
      "18": 0,
      "19": 43
    },
    "f": {
      "0": 43,
      "1": 0,
      "2": 0,
      "3": 0,
      "4": 0
    },
    "b": {
      "0": [
        0,
        0
      ],
      "1": [
        0,
        0
      ],
      "2": [
        0,
        0
      ]
    },
    "_coverageSchema": "1a1c01bbd47fc00a2c39e90264f33305004495a9",
    "hash": "ef2af9642d9ac25ad9de2575ef803055716dd172"
  },
  "C:\\Users\\cizuo\\Desktop\\OC\\Proj4\\Developpez-une-application-full-stack-complete-main\\front\\src\\app\\app.routes.ts": {
    "path": "C:\\Users\\cizuo\\Desktop\\OC\\Proj4\\Developpez-une-application-full-stack-complete-main\\front\\src\\app\\app.routes.ts",
    "statementMap": {
      "0": {
        "start": {
          "line": 12,
          "column": 22
        },
        "end": {
          "line": 63,
          "column": 2
        }
      }
    },
    "fnMap": {},
    "branchMap": {},
    "s": {
      "0": 43
    },
    "f": {},
    "b": {},
    "_coverageSchema": "1a1c01bbd47fc00a2c39e90264f33305004495a9",
    "hash": "1078878149e31d230379040b87a0a70336cd9e99"
  },
  "C:\\Users\\cizuo\\Desktop\\OC\\Proj4\\Developpez-une-application-full-stack-complete-main\\front\\src\\app\\app.module.ts": {
    "path": "C:\\Users\\cizuo\\Desktop\\OC\\Proj4\\Developpez-une-application-full-stack-complete-main\\front\\src\\app\\app.module.ts",
    "statementMap": {
      "0": {
        "start": {
          "line": 9,
          "column": 36
        },
        "end": {
          "line": 24,
          "column": 4
        }
      },
      "1": {
        "start": {
          "line": 11,
          "column": 18
        },
        "end": {
          "line": 13,
          "column": 5
        }
      },
      "2": {
        "start": {
          "line": 12,
          "column": 6
        },
        "end": {
          "line": 12,
          "column": 52
        }
      },
      "3": {
        "start": {
          "line": 14,
          "column": 31
        },
        "end": {
          "line": 17,
          "column": 6
        }
      },
      "4": {
        "start": {
          "line": 18,
          "column": 31
        },
        "end": {
          "line": 21,
          "column": 6
        }
      },
      "5": {
        "start": {
          "line": 23,
          "column": 2
        },
        "end": {
          "line": 23,
          "column": 19
        }
      }
    },
    "fnMap": {
      "0": {
        "name": "(anonymous_0)",
        "decl": {
          "start": {
            "line": 9,
            "column": 37
          },
          "end": {
            "line": 9,
            "column": 38
          }
        },
        "loc": {
          "start": {
            "line": 9,
            "column": 43
          },
          "end": {
            "line": 24,
            "column": 1
          }
        },
        "line": 9
      },
      "1": {
        "name": "AppModule_Factory",
        "decl": {
          "start": {
            "line": 11,
            "column": 27
          },
          "end": {
            "line": 11,
            "column": 44
          }
        },
        "loc": {
          "start": {
            "line": 11,
            "column": 64
          },
          "end": {
            "line": 13,
            "column": 5
          }
        },
        "line": 11
      }
    },
    "branchMap": {
      "0": {
        "loc": {
          "start": {
            "line": 12,
            "column": 18
          },
          "end": {
            "line": 12,
            "column": 48
          }
        },
        "type": "binary-expr",
        "locations": [
          {
            "start": {
              "line": 12,
              "column": 18
            },
            "end": {
              "line": 12,
              "column": 35
            }
          },
          {
            "start": {
              "line": 12,
              "column": 39
            },
            "end": {
              "line": 12,
              "column": 48
            }
          }
        ],
        "line": 12
      }
    },
    "s": {
      "0": 43,
      "1": 43,
      "2": 43,
      "3": 43,
      "4": 43,
      "5": 43
    },
    "f": {
      "0": 43,
      "1": 43
    },
    "b": {
      "0": [
        43,
        43
      ]
    },
    "_coverageSchema": "1a1c01bbd47fc00a2c39e90264f33305004495a9",
    "hash": "a3891578759dd90739c32352c92d2ec97769d479"
  },
  "C:\\Users\\cizuo\\Desktop\\OC\\Proj4\\Developpez-une-application-full-stack-complete-main\\front\\src\\main.ts": {
    "path": "C:\\Users\\cizuo\\Desktop\\OC\\Proj4\\Developpez-une-application-full-stack-complete-main\\front\\src\\main.ts",
    "statementMap": {
      "0": {
        "start": {
          "line": 5,
          "column": 0
        },
        "end": {
          "line": 7,
          "column": 1
        }
      },
      "1": {
        "start": {
          "line": 6,
          "column": 2
        },
        "end": {
          "line": 6,
          "column": 19
        }
      },
      "2": {
        "start": {
          "line": 8,
          "column": 0
        },
        "end": {
          "line": 8,
          "column": 98
        }
      },
      "3": {
        "start": {
          "line": 8,
          "column": 78
        },
        "end": {
          "line": 8,
          "column": 96
        }
      }
    },
    "fnMap": {
      "0": {
        "name": "(anonymous_0)",
        "decl": {
          "start": {
            "line": 8,
            "column": 71
          },
          "end": {
            "line": 8,
            "column": 72
          }
        },
        "loc": {
          "start": {
            "line": 8,
            "column": 78
          },
          "end": {
            "line": 8,
            "column": 96
          }
        },
        "line": 8
      }
    },
    "branchMap": {
      "0": {
        "loc": {
          "start": {
            "line": 5,
            "column": 0
          },
          "end": {
            "line": 7,
            "column": 1
          }
        },
        "type": "if",
        "locations": [
          {
            "start": {
              "line": 5,
              "column": 0
            },
            "end": {
              "line": 7,
              "column": 1
            }
          },
          {
            "start": {
              "line": 5,
              "column": 0
            },
            "end": {
              "line": 7,
              "column": 1
            }
          }
        ],
        "line": 5
      }
    },
    "s": {
      "0": 43,
      "1": 43,
      "2": 43,
      "3": 0
    },
    "f": {
      "0": 0
    },
    "b": {
      "0": [
        43,
        0
      ]
    },
    "_coverageSchema": "1a1c01bbd47fc00a2c39e90264f33305004495a9",
    "hash": "723539c45bbb68c0376fe9ffd4d4430bc5cdb911"
  }
}